[2020-03-22 13:01:45.289] [exthost] [info] extension host started
[2020-03-22 13:01:45.318] [exthost] [info] ExtensionService#_doActivateExtension vscode.python {"startup":false,"extensionId":{"value":"vscode.python","_lower":"vscode.python"},"activationEvent":"onLanguage:python"}
[2020-03-22 13:01:45.319] [exthost] [info] ExtensionService#loadCommonJSModule file:///snap/code/27/usr/share/code/resources/app/extensions/python/dist/pythonMain
[2020-03-22 13:01:45.323] [exthost] [info] ExtensionService#_doActivateExtension ms-python.python {"startup":false,"extensionId":{"value":"ms-python.python","_lower":"ms-python.python"},"activationEvent":"onLanguage:python"}
[2020-03-22 13:01:45.323] [exthost] [info] ExtensionService#loadCommonJSModule file:///home/rgniadek/.vscode/extensions/ms-python.python-2020.3.69010/out/client/extension
[2020-03-22 13:01:45.518] [exthost] [info] ExtensionService#_doActivateExtension VisualStudioExptTeam.vscodeintellicode {"startup":false,"extensionId":{"value":"VisualStudioExptTeam.vscodeintellicode","_lower":"visualstudioexptteam.vscodeintellicode"},"activationEvent":"onLanguage:python"}
[2020-03-22 13:01:45.518] [exthost] [info] ExtensionService#loadCommonJSModule file:///home/rgniadek/.vscode/extensions/visualstudioexptteam.vscodeintellicode-1.2.6/dist/intellicode
[2020-03-22 13:01:45.577] [exthost] [info] ExtensionService#_doActivateExtension vscode.debug-auto-launch {"startup":true,"extensionId":{"value":"vscode.debug-auto-launch","_lower":"vscode.debug-auto-launch"},"activationEvent":"*"}
[2020-03-22 13:01:45.577] [exthost] [info] ExtensionService#loadCommonJSModule file:///snap/code/27/usr/share/code/resources/app/extensions/debug-auto-launch/dist/extension
[2020-03-22 13:01:45.580] [exthost] [info] ExtensionService#_doActivateExtension vscode.emmet {"startup":true,"extensionId":{"value":"vscode.emmet","_lower":"vscode.emmet"},"activationEvent":"*"}
[2020-03-22 13:01:45.580] [exthost] [info] ExtensionService#loadCommonJSModule file:///snap/code/27/usr/share/code/resources/app/extensions/emmet/dist/extension
[2020-03-22 13:01:45.600] [exthost] [info] ExtensionService#_doActivateExtension vscode.git {"startup":true,"extensionId":{"value":"vscode.git","_lower":"vscode.git"},"activationEvent":"*"}
[2020-03-22 13:01:45.600] [exthost] [info] ExtensionService#loadCommonJSModule file:///snap/code/27/usr/share/code/resources/app/extensions/git/dist/main
[2020-03-22 13:01:45.639] [exthost] [info] ExtensionService#_doActivateExtension vscode.github-authentication {"startup":true,"extensionId":{"value":"vscode.github-authentication","_lower":"vscode.github-authentication"},"activationEvent":"*"}
[2020-03-22 13:01:45.639] [exthost] [info] ExtensionService#loadCommonJSModule file:///snap/code/27/usr/share/code/resources/app/extensions/github-authentication/dist/extension.js
[2020-03-22 13:01:45.641] [exthost] [info] ExtensionService#_doActivateExtension vscode.merge-conflict {"startup":true,"extensionId":{"value":"vscode.merge-conflict","_lower":"vscode.merge-conflict"},"activationEvent":"*"}
[2020-03-22 13:01:45.641] [exthost] [info] ExtensionService#loadCommonJSModule file:///snap/code/27/usr/share/code/resources/app/extensions/merge-conflict/dist/extension
[2020-03-22 13:01:45.644] [exthost] [info] ExtensionService#_doActivateExtension vscode.search-result {"startup":true,"extensionId":{"value":"vscode.search-result","_lower":"vscode.search-result"},"activationEvent":"*"}
[2020-03-22 13:01:45.644] [exthost] [info] ExtensionService#loadCommonJSModule file:///snap/code/27/usr/share/code/resources/app/extensions/search-result/dist/extension.js
[2020-03-22 13:01:45.645] [exthost] [info] ExtensionService#_doActivateExtension vscode.vscode-account {"startup":true,"extensionId":{"value":"vscode.vscode-account","_lower":"vscode.vscode-account"},"activationEvent":"*"}
[2020-03-22 13:01:45.645] [exthost] [info] ExtensionService#loadCommonJSModule file:///snap/code/27/usr/share/code/resources/app/extensions/vscode-account/dist/extension.js
[2020-03-22 13:01:45.647] [exthost] [info] ExtensionService#_doActivateExtension ms-vsliveshare.vsliveshare {"startup":true,"extensionId":{"value":"ms-vsliveshare.vsliveshare","_lower":"ms-vsliveshare.vsliveshare"},"activationEvent":"*"}
[2020-03-22 13:01:45.647] [exthost] [info] ExtensionService#loadCommonJSModule file:///home/rgniadek/.vscode/extensions/ms-vsliveshare.vsliveshare-1.0.1783/out/prod/extension-prod
[2020-03-22 13:01:46.247] [exthost] [info] eager extensions activated
[2020-03-22 13:03:01.595] [exthost] [info] ExtensionService#_doActivateExtension ms-azuretools.vscode-docker {"startup":false,"extensionId":{"value":"ms-azuretools.vscode-docker","_lower":"ms-azuretools.vscode-docker"},"activationEvent":"onLanguage:yaml"}
[2020-03-22 13:03:01.596] [exthost] [info] ExtensionService#loadCommonJSModule file:///home/rgniadek/.vscode/extensions/ms-azuretools.vscode-docker-1.0.0/main
[2020-03-22 13:05:02.518] [exthost] [info] ExtensionService#_doActivateExtension vscode.extension-editing {"startup":false,"extensionId":{"value":"vscode.extension-editing","_lower":"vscode.extension-editing"},"activationEvent":"onLanguage:markdown"}
[2020-03-22 13:05:02.519] [exthost] [info] ExtensionService#loadCommonJSModule file:///snap/code/27/usr/share/code/resources/app/extensions/extension-editing/dist/extension
[2020-03-22 13:05:02.533] [exthost] [info] ExtensionService#_doActivateExtension vscode.markdown-language-features {"startup":false,"extensionId":{"value":"vscode.markdown-language-features","_lower":"vscode.markdown-language-features"},"activationEvent":"onLanguage:markdown"}
[2020-03-22 13:05:02.533] [exthost] [info] ExtensionService#loadCommonJSModule file:///snap/code/27/usr/share/code/resources/app/extensions/markdown-language-features/dist/extension
[2020-03-22 13:05:51.750] [exthost] [info] ExtensionService#_doActivateExtension ms-vscode-remote.remote-containers {"startup":false,"extensionId":{"value":"ms-vscode-remote.remote-containers","_lower":"ms-vscode-remote.remote-containers"},"activationEvent":"onCommand:remote-containers.attachToRunningContainerFromViewlet"}
[2020-03-22 13:05:51.750] [exthost] [info] ExtensionService#loadCommonJSModule file:///home/rgniadek/.vscode/extensions/ms-vscode-remote.remote-containers-0.106.0/dist/extension
[2020-03-22 13:25:45.100] [exthost] [info] ExtensionService#_doActivateExtension vscode.configuration-editing {"startup":false,"extensionId":{"value":"vscode.configuration-editing","_lower":"vscode.configuration-editing"},"activationEvent":"onLanguage:json"}
[2020-03-22 13:25:45.100] [exthost] [info] ExtensionService#loadCommonJSModule file:///snap/code/27/usr/share/code/resources/app/extensions/configuration-editing/dist/extension
[2020-03-22 13:25:45.103] [exthost] [info] ExtensionService#_doActivateExtension vscode.json-language-features {"startup":false,"extensionId":{"value":"vscode.json-language-features","_lower":"vscode.json-language-features"},"activationEvent":"onLanguage:json"}
[2020-03-22 13:25:45.103] [exthost] [info] ExtensionService#loadCommonJSModule file:///snap/code/27/usr/share/code/resources/app/extensions/json-language-features/client/dist/jsonMain
[2020-03-22 13:25:45.130] [exthost] [info] ExtensionService#_doActivateExtension vscode.npm {"startup":false,"extensionId":{"value":"vscode.npm","_lower":"vscode.npm"},"activationEvent":"onLanguage:json"}
[2020-03-22 13:25:45.131] [exthost] [info] ExtensionService#loadCommonJSModule file:///snap/code/27/usr/share/code/resources/app/extensions/npm/dist/main
