[2020-03-19 15:24:00.169] [renderer1] [error] Unknown webview handle:739c5cc8-0f6c-44f4-9a3c-a815d26d016b: Error: Unknown webview handle:739c5cc8-0f6c-44f4-9a3c-a815d26d016b
    at D.getWebviewInput (file:///snap/code/27/usr/share/code/resources/app/out/vs/workbench/workbench.desktop.main.js:4456:965)
    at D.$setOptions (file:///snap/code/27/usr/share/code/resources/app/out/vs/workbench/workbench.desktop.main.js:4451:740)
    at g._doInvokeHandler (file:///snap/code/27/usr/share/code/resources/app/out/vs/workbench/workbench.desktop.main.js:3681:363)
    at g._invokeHandler (file:///snap/code/27/usr/share/code/resources/app/out/vs/workbench/workbench.desktop.main.js:3681:55)
    at g._receiveRequest (file:///snap/code/27/usr/share/code/resources/app/out/vs/workbench/workbench.desktop.main.js:3679:739)
    at g._receiveOneMessage (file:///snap/code/27/usr/share/code/resources/app/out/vs/workbench/workbench.desktop.main.js:3678:518)
    at file:///snap/code/27/usr/share/code/resources/app/out/vs/workbench/workbench.desktop.main.js:3676:754
    at c.fire (file:///snap/code/27/usr/share/code/resources/app/out/vs/workbench/workbench.desktop.main.js:110:24)
    at v.fire (file:///snap/code/27/usr/share/code/resources/app/out/vs/workbench/workbench.desktop.main.js:382:801)
    at t.PersistentProtocol._receiveMessage (file:///snap/code/27/usr/share/code/resources/app/out/vs/workbench/workbench.desktop.main.js:387:276)
    at file:///snap/code/27/usr/share/code/resources/app/out/vs/workbench/workbench.desktop.main.js:384:321
    at c.fire (file:///snap/code/27/usr/share/code/resources/app/out/vs/workbench/workbench.desktop.main.js:110:24)
    at g.acceptChunk (file:///snap/code/27/usr/share/code/resources/app/out/vs/workbench/workbench.desktop.main.js:380:306)
    at file:///snap/code/27/usr/share/code/resources/app/out/vs/workbench/workbench.desktop.main.js:379:657
    at Socket.t (file:///snap/code/27/usr/share/code/resources/app/out/vs/workbench/workbench.desktop.main.js:390:450)
    at Socket.emit (events.js:203:13)
    at addChunk (_stream_readable.js:295:12)
    at readableAddChunk (_stream_readable.js:276:11)
    at Socket.Readable.push (_stream_readable.js:210:10)
    at Pipe.onStreamRead (internal/stream_base_commons.js:166:17)
[2020-03-19 15:24:00.170] [renderer1] [error] Unknown webview handle:739c5cc8-0f6c-44f4-9a3c-a815d26d016b: Error: Unknown webview handle:739c5cc8-0f6c-44f4-9a3c-a815d26d016b
    at D.getWebviewInput (file:///snap/code/27/usr/share/code/resources/app/out/vs/workbench/workbench.desktop.main.js:4456:965)
    at D.$postMessage (file:///snap/code/27/usr/share/code/resources/app/out/vs/workbench/workbench.desktop.main.js:4452:108)
    at g._doInvokeHandler (file:///snap/code/27/usr/share/code/resources/app/out/vs/workbench/workbench.desktop.main.js:3681:363)
    at g._invokeHandler (file:///snap/code/27/usr/share/code/resources/app/out/vs/workbench/workbench.desktop.main.js:3681:55)
    at g._receiveRequest (file:///snap/code/27/usr/share/code/resources/app/out/vs/workbench/workbench.desktop.main.js:3679:739)
    at g._receiveOneMessage (file:///snap/code/27/usr/share/code/resources/app/out/vs/workbench/workbench.desktop.main.js:3678:518)
    at file:///snap/code/27/usr/share/code/resources/app/out/vs/workbench/workbench.desktop.main.js:3676:754
    at c.fire (file:///snap/code/27/usr/share/code/resources/app/out/vs/workbench/workbench.desktop.main.js:110:24)
    at v.fire (file:///snap/code/27/usr/share/code/resources/app/out/vs/workbench/workbench.desktop.main.js:382:801)
    at t.PersistentProtocol._receiveMessage (file:///snap/code/27/usr/share/code/resources/app/out/vs/workbench/workbench.desktop.main.js:387:276)
    at file:///snap/code/27/usr/share/code/resources/app/out/vs/workbench/workbench.desktop.main.js:384:321
    at c.fire (file:///snap/code/27/usr/share/code/resources/app/out/vs/workbench/workbench.desktop.main.js:110:24)
    at g.acceptChunk (file:///snap/code/27/usr/share/code/resources/app/out/vs/workbench/workbench.desktop.main.js:380:306)
    at file:///snap/code/27/usr/share/code/resources/app/out/vs/workbench/workbench.desktop.main.js:379:657
    at Socket.t (file:///snap/code/27/usr/share/code/resources/app/out/vs/workbench/workbench.desktop.main.js:390:450)
    at Socket.emit (events.js:203:13)
    at addChunk (_stream_readable.js:295:12)
    at readableAddChunk (_stream_readable.js:276:11)
    at Socket.Readable.push (_stream_readable.js:210:10)
    at Pipe.onStreamRead (internal/stream_base_commons.js:166:17)
[2020-03-19 15:24:00.170] [renderer1] [error] Unknown webview handle:94e35a8a-97fe-4d4f-97d0-11b76cc751ba: Error: Unknown webview handle:94e35a8a-97fe-4d4f-97d0-11b76cc751ba
    at D.getWebviewInput (file:///snap/code/27/usr/share/code/resources/app/out/vs/workbench/workbench.desktop.main.js:4456:965)
    at D.$setOptions (file:///snap/code/27/usr/share/code/resources/app/out/vs/workbench/workbench.desktop.main.js:4451:740)
    at g._doInvokeHandler (file:///snap/code/27/usr/share/code/resources/app/out/vs/workbench/workbench.desktop.main.js:3681:363)
    at g._invokeHandler (file:///snap/code/27/usr/share/code/resources/app/out/vs/workbench/workbench.desktop.main.js:3681:55)
    at g._receiveRequest (file:///snap/code/27/usr/share/code/resources/app/out/vs/workbench/workbench.desktop.main.js:3679:739)
    at g._receiveOneMessage (file:///snap/code/27/usr/share/code/resources/app/out/vs/workbench/workbench.desktop.main.js:3678:518)
    at file:///snap/code/27/usr/share/code/resources/app/out/vs/workbench/workbench.desktop.main.js:3676:754
    at c.fire (file:///snap/code/27/usr/share/code/resources/app/out/vs/workbench/workbench.desktop.main.js:110:24)
    at v.fire (file:///snap/code/27/usr/share/code/resources/app/out/vs/workbench/workbench.desktop.main.js:382:801)
    at t.PersistentProtocol._receiveMessage (file:///snap/code/27/usr/share/code/resources/app/out/vs/workbench/workbench.desktop.main.js:387:276)
    at file:///snap/code/27/usr/share/code/resources/app/out/vs/workbench/workbench.desktop.main.js:384:321
    at c.fire (file:///snap/code/27/usr/share/code/resources/app/out/vs/workbench/workbench.desktop.main.js:110:24)
    at g.acceptChunk (file:///snap/code/27/usr/share/code/resources/app/out/vs/workbench/workbench.desktop.main.js:380:306)
    at file:///snap/code/27/usr/share/code/resources/app/out/vs/workbench/workbench.desktop.main.js:379:657
    at Socket.t (file:///snap/code/27/usr/share/code/resources/app/out/vs/workbench/workbench.desktop.main.js:390:450)
    at Socket.emit (events.js:203:13)
    at addChunk (_stream_readable.js:295:12)
    at readableAddChunk (_stream_readable.js:276:11)
    at Socket.Readable.push (_stream_readable.js:210:10)
    at Pipe.onStreamRead (internal/stream_base_commons.js:166:17)
[2020-03-19 15:24:00.170] [renderer1] [error] Unknown webview handle:94e35a8a-97fe-4d4f-97d0-11b76cc751ba: Error: Unknown webview handle:94e35a8a-97fe-4d4f-97d0-11b76cc751ba
    at D.getWebviewInput (file:///snap/code/27/usr/share/code/resources/app/out/vs/workbench/workbench.desktop.main.js:4456:965)
    at D.$postMessage (file:///snap/code/27/usr/share/code/resources/app/out/vs/workbench/workbench.desktop.main.js:4452:108)
    at g._doInvokeHandler (file:///snap/code/27/usr/share/code/resources/app/out/vs/workbench/workbench.desktop.main.js:3681:363)
    at g._invokeHandler (file:///snap/code/27/usr/share/code/resources/app/out/vs/workbench/workbench.desktop.main.js:3681:55)
    at g._receiveRequest (file:///snap/code/27/usr/share/code/resources/app/out/vs/workbench/workbench.desktop.main.js:3679:739)
    at g._receiveOneMessage (file:///snap/code/27/usr/share/code/resources/app/out/vs/workbench/workbench.desktop.main.js:3678:518)
    at file:///snap/code/27/usr/share/code/resources/app/out/vs/workbench/workbench.desktop.main.js:3676:754
    at c.fire (file:///snap/code/27/usr/share/code/resources/app/out/vs/workbench/workbench.desktop.main.js:110:24)
    at v.fire (file:///snap/code/27/usr/share/code/resources/app/out/vs/workbench/workbench.desktop.main.js:382:801)
    at t.PersistentProtocol._receiveMessage (file:///snap/code/27/usr/share/code/resources/app/out/vs/workbench/workbench.desktop.main.js:387:276)
    at file:///snap/code/27/usr/share/code/resources/app/out/vs/workbench/workbench.desktop.main.js:384:321
    at c.fire (file:///snap/code/27/usr/share/code/resources/app/out/vs/workbench/workbench.desktop.main.js:110:24)
    at g.acceptChunk (file:///snap/code/27/usr/share/code/resources/app/out/vs/workbench/workbench.desktop.main.js:380:306)
    at file:///snap/code/27/usr/share/code/resources/app/out/vs/workbench/workbench.desktop.main.js:379:657
    at Socket.t (file:///snap/code/27/usr/share/code/resources/app/out/vs/workbench/workbench.desktop.main.js:390:450)
    at Socket.emit (events.js:203:13)
    at addChunk (_stream_readable.js:295:12)
    at readableAddChunk (_stream_readable.js:276:11)
    at Socket.Readable.push (_stream_readable.js:210:10)
    at Pipe.onStreamRead (internal/stream_base_commons.js:166:17)
[2020-03-19 15:24:00.170] [renderer1] [error] Unknown webview handle:f30042ca-77a0-49bd-8d79-59f6554c6375: Error: Unknown webview handle:f30042ca-77a0-49bd-8d79-59f6554c6375
    at D.getWebviewInput (file:///snap/code/27/usr/share/code/resources/app/out/vs/workbench/workbench.desktop.main.js:4456:965)
    at D.$setOptions (file:///snap/code/27/usr/share/code/resources/app/out/vs/workbench/workbench.desktop.main.js:4451:740)
    at g._doInvokeHandler (file:///snap/code/27/usr/share/code/resources/app/out/vs/workbench/workbench.desktop.main.js:3681:363)
    at g._invokeHandler (file:///snap/code/27/usr/share/code/resources/app/out/vs/workbench/workbench.desktop.main.js:3681:55)
    at g._receiveRequest (file:///snap/code/27/usr/share/code/resources/app/out/vs/workbench/workbench.desktop.main.js:3679:739)
    at g._receiveOneMessage (file:///snap/code/27/usr/share/code/resources/app/out/vs/workbench/workbench.desktop.main.js:3678:518)
    at file:///snap/code/27/usr/share/code/resources/app/out/vs/workbench/workbench.desktop.main.js:3676:754
    at c.fire (file:///snap/code/27/usr/share/code/resources/app/out/vs/workbench/workbench.desktop.main.js:110:24)
    at v.fire (file:///snap/code/27/usr/share/code/resources/app/out/vs/workbench/workbench.desktop.main.js:382:801)
    at t.PersistentProtocol._receiveMessage (file:///snap/code/27/usr/share/code/resources/app/out/vs/workbench/workbench.desktop.main.js:387:276)
    at file:///snap/code/27/usr/share/code/resources/app/out/vs/workbench/workbench.desktop.main.js:384:321
    at c.fire (file:///snap/code/27/usr/share/code/resources/app/out/vs/workbench/workbench.desktop.main.js:110:24)
    at g.acceptChunk (file:///snap/code/27/usr/share/code/resources/app/out/vs/workbench/workbench.desktop.main.js:380:306)
    at file:///snap/code/27/usr/share/code/resources/app/out/vs/workbench/workbench.desktop.main.js:379:657
    at Socket.t (file:///snap/code/27/usr/share/code/resources/app/out/vs/workbench/workbench.desktop.main.js:390:450)
    at Socket.emit (events.js:203:13)
    at addChunk (_stream_readable.js:295:12)
    at readableAddChunk (_stream_readable.js:276:11)
    at Socket.Readable.push (_stream_readable.js:210:10)
    at Pipe.onStreamRead (internal/stream_base_commons.js:166:17)
[2020-03-19 15:24:00.170] [renderer1] [error] Unknown webview handle:f30042ca-77a0-49bd-8d79-59f6554c6375: Error: Unknown webview handle:f30042ca-77a0-49bd-8d79-59f6554c6375
    at D.getWebviewInput (file:///snap/code/27/usr/share/code/resources/app/out/vs/workbench/workbench.desktop.main.js:4456:965)
    at D.$postMessage (file:///snap/code/27/usr/share/code/resources/app/out/vs/workbench/workbench.desktop.main.js:4452:108)
    at g._doInvokeHandler (file:///snap/code/27/usr/share/code/resources/app/out/vs/workbench/workbench.desktop.main.js:3681:363)
    at g._invokeHandler (file:///snap/code/27/usr/share/code/resources/app/out/vs/workbench/workbench.desktop.main.js:3681:55)
    at g._receiveRequest (file:///snap/code/27/usr/share/code/resources/app/out/vs/workbench/workbench.desktop.main.js:3679:739)
    at g._receiveOneMessage (file:///snap/code/27/usr/share/code/resources/app/out/vs/workbench/workbench.desktop.main.js:3678:518)
    at file:///snap/code/27/usr/share/code/resources/app/out/vs/workbench/workbench.desktop.main.js:3676:754
    at c.fire (file:///snap/code/27/usr/share/code/resources/app/out/vs/workbench/workbench.desktop.main.js:110:24)
    at v.fire (file:///snap/code/27/usr/share/code/resources/app/out/vs/workbench/workbench.desktop.main.js:382:801)
    at t.PersistentProtocol._receiveMessage (file:///snap/code/27/usr/share/code/resources/app/out/vs/workbench/workbench.desktop.main.js:387:276)
    at file:///snap/code/27/usr/share/code/resources/app/out/vs/workbench/workbench.desktop.main.js:384:321
    at c.fire (file:///snap/code/27/usr/share/code/resources/app/out/vs/workbench/workbench.desktop.main.js:110:24)
    at g.acceptChunk (file:///snap/code/27/usr/share/code/resources/app/out/vs/workbench/workbench.desktop.main.js:380:306)
    at file:///snap/code/27/usr/share/code/resources/app/out/vs/workbench/workbench.desktop.main.js:379:657
    at Socket.t (file:///snap/code/27/usr/share/code/resources/app/out/vs/workbench/workbench.desktop.main.js:390:450)
    at Socket.emit (events.js:203:13)
    at addChunk (_stream_readable.js:295:12)
    at readableAddChunk (_stream_readable.js:276:11)
    at Socket.Readable.push (_stream_readable.js:210:10)
    at Pipe.onStreamRead (internal/stream_base_commons.js:166:17)
[2020-03-19 15:24:00.170] [renderer1] [error] Unknown webview handle:0d896bf4-500b-4159-bb48-b98272c2dcfb: Error: Unknown webview handle:0d896bf4-500b-4159-bb48-b98272c2dcfb
    at D.getWebviewInput (file:///snap/code/27/usr/share/code/resources/app/out/vs/workbench/workbench.desktop.main.js:4456:965)
    at D.$setOptions (file:///snap/code/27/usr/share/code/resources/app/out/vs/workbench/workbench.desktop.main.js:4451:740)
    at g._doInvokeHandler (file:///snap/code/27/usr/share/code/resources/app/out/vs/workbench/workbench.desktop.main.js:3681:363)
    at g._invokeHandler (file:///snap/code/27/usr/share/code/resources/app/out/vs/workbench/workbench.desktop.main.js:3681:55)
    at g._receiveRequest (file:///snap/code/27/usr/share/code/resources/app/out/vs/workbench/workbench.desktop.main.js:3679:739)
    at g._receiveOneMessage (file:///snap/code/27/usr/share/code/resources/app/out/vs/workbench/workbench.desktop.main.js:3678:518)
    at file:///snap/code/27/usr/share/code/resources/app/out/vs/workbench/workbench.desktop.main.js:3676:754
    at c.fire (file:///snap/code/27/usr/share/code/resources/app/out/vs/workbench/workbench.desktop.main.js:110:24)
    at v.fire (file:///snap/code/27/usr/share/code/resources/app/out/vs/workbench/workbench.desktop.main.js:382:801)
    at t.PersistentProtocol._receiveMessage (file:///snap/code/27/usr/share/code/resources/app/out/vs/workbench/workbench.desktop.main.js:387:276)
    at file:///snap/code/27/usr/share/code/resources/app/out/vs/workbench/workbench.desktop.main.js:384:321
    at c.fire (file:///snap/code/27/usr/share/code/resources/app/out/vs/workbench/workbench.desktop.main.js:110:24)
    at g.acceptChunk (file:///snap/code/27/usr/share/code/resources/app/out/vs/workbench/workbench.desktop.main.js:380:306)
    at file:///snap/code/27/usr/share/code/resources/app/out/vs/workbench/workbench.desktop.main.js:379:657
    at Socket.t (file:///snap/code/27/usr/share/code/resources/app/out/vs/workbench/workbench.desktop.main.js:390:450)
    at Socket.emit (events.js:203:13)
    at addChunk (_stream_readable.js:295:12)
    at readableAddChunk (_stream_readable.js:276:11)
    at Socket.Readable.push (_stream_readable.js:210:10)
    at Pipe.onStreamRead (internal/stream_base_commons.js:166:17)
[2020-03-19 15:24:00.171] [renderer1] [error] Unknown webview handle:0d896bf4-500b-4159-bb48-b98272c2dcfb: Error: Unknown webview handle:0d896bf4-500b-4159-bb48-b98272c2dcfb
    at D.getWebviewInput (file:///snap/code/27/usr/share/code/resources/app/out/vs/workbench/workbench.desktop.main.js:4456:965)
    at D.$postMessage (file:///snap/code/27/usr/share/code/resources/app/out/vs/workbench/workbench.desktop.main.js:4452:108)
    at g._doInvokeHandler (file:///snap/code/27/usr/share/code/resources/app/out/vs/workbench/workbench.desktop.main.js:3681:363)
    at g._invokeHandler (file:///snap/code/27/usr/share/code/resources/app/out/vs/workbench/workbench.desktop.main.js:3681:55)
    at g._receiveRequest (file:///snap/code/27/usr/share/code/resources/app/out/vs/workbench/workbench.desktop.main.js:3679:739)
    at g._receiveOneMessage (file:///snap/code/27/usr/share/code/resources/app/out/vs/workbench/workbench.desktop.main.js:3678:518)
    at file:///snap/code/27/usr/share/code/resources/app/out/vs/workbench/workbench.desktop.main.js:3676:754
    at c.fire (file:///snap/code/27/usr/share/code/resources/app/out/vs/workbench/workbench.desktop.main.js:110:24)
    at v.fire (file:///snap/code/27/usr/share/code/resources/app/out/vs/workbench/workbench.desktop.main.js:382:801)
    at t.PersistentProtocol._receiveMessage (file:///snap/code/27/usr/share/code/resources/app/out/vs/workbench/workbench.desktop.main.js:387:276)
    at file:///snap/code/27/usr/share/code/resources/app/out/vs/workbench/workbench.desktop.main.js:384:321
    at c.fire (file:///snap/code/27/usr/share/code/resources/app/out/vs/workbench/workbench.desktop.main.js:110:24)
    at g.acceptChunk (file:///snap/code/27/usr/share/code/resources/app/out/vs/workbench/workbench.desktop.main.js:380:306)
    at file:///snap/code/27/usr/share/code/resources/app/out/vs/workbench/workbench.desktop.main.js:379:657
    at Socket.t (file:///snap/code/27/usr/share/code/resources/app/out/vs/workbench/workbench.desktop.main.js:390:450)
    at Socket.emit (events.js:203:13)
    at addChunk (_stream_readable.js:295:12)
    at readableAddChunk (_stream_readable.js:276:11)
    at Socket.Readable.push (_stream_readable.js:210:10)
    at Pipe.onStreamRead (internal/stream_base_commons.js:166:17)
[2020-03-19 15:24:00.171] [renderer1] [error] Unknown webview handle:b53c29f6-9f3d-4bfc-96e3-bfa048619dc8: Error: Unknown webview handle:b53c29f6-9f3d-4bfc-96e3-bfa048619dc8
    at D.getWebviewInput (file:///snap/code/27/usr/share/code/resources/app/out/vs/workbench/workbench.desktop.main.js:4456:965)
    at D.$setOptions (file:///snap/code/27/usr/share/code/resources/app/out/vs/workbench/workbench.desktop.main.js:4451:740)
    at g._doInvokeHandler (file:///snap/code/27/usr/share/code/resources/app/out/vs/workbench/workbench.desktop.main.js:3681:363)
    at g._invokeHandler (file:///snap/code/27/usr/share/code/resources/app/out/vs/workbench/workbench.desktop.main.js:3681:55)
    at g._receiveRequest (file:///snap/code/27/usr/share/code/resources/app/out/vs/workbench/workbench.desktop.main.js:3679:739)
    at g._receiveOneMessage (file:///snap/code/27/usr/share/code/resources/app/out/vs/workbench/workbench.desktop.main.js:3678:518)
    at file:///snap/code/27/usr/share/code/resources/app/out/vs/workbench/workbench.desktop.main.js:3676:754
    at c.fire (file:///snap/code/27/usr/share/code/resources/app/out/vs/workbench/workbench.desktop.main.js:110:24)
    at v.fire (file:///snap/code/27/usr/share/code/resources/app/out/vs/workbench/workbench.desktop.main.js:382:801)
    at t.PersistentProtocol._receiveMessage (file:///snap/code/27/usr/share/code/resources/app/out/vs/workbench/workbench.desktop.main.js:387:276)
    at file:///snap/code/27/usr/share/code/resources/app/out/vs/workbench/workbench.desktop.main.js:384:321
    at c.fire (file:///snap/code/27/usr/share/code/resources/app/out/vs/workbench/workbench.desktop.main.js:110:24)
    at g.acceptChunk (file:///snap/code/27/usr/share/code/resources/app/out/vs/workbench/workbench.desktop.main.js:380:306)
    at file:///snap/code/27/usr/share/code/resources/app/out/vs/workbench/workbench.desktop.main.js:379:657
    at Socket.t (file:///snap/code/27/usr/share/code/resources/app/out/vs/workbench/workbench.desktop.main.js:390:450)
    at Socket.emit (events.js:203:13)
    at addChunk (_stream_readable.js:295:12)
    at readableAddChunk (_stream_readable.js:276:11)
    at Socket.Readable.push (_stream_readable.js:210:10)
    at Pipe.onStreamRead (internal/stream_base_commons.js:166:17)
[2020-03-19 15:24:00.171] [renderer1] [error] Unknown webview handle:b53c29f6-9f3d-4bfc-96e3-bfa048619dc8: Error: Unknown webview handle:b53c29f6-9f3d-4bfc-96e3-bfa048619dc8
    at D.getWebviewInput (file:///snap/code/27/usr/share/code/resources/app/out/vs/workbench/workbench.desktop.main.js:4456:965)
    at D.$postMessage (file:///snap/code/27/usr/share/code/resources/app/out/vs/workbench/workbench.desktop.main.js:4452:108)
    at g._doInvokeHandler (file:///snap/code/27/usr/share/code/resources/app/out/vs/workbench/workbench.desktop.main.js:3681:363)
    at g._invokeHandler (file:///snap/code/27/usr/share/code/resources/app/out/vs/workbench/workbench.desktop.main.js:3681:55)
    at g._receiveRequest (file:///snap/code/27/usr/share/code/resources/app/out/vs/workbench/workbench.desktop.main.js:3679:739)
    at g._receiveOneMessage (file:///snap/code/27/usr/share/code/resources/app/out/vs/workbench/workbench.desktop.main.js:3678:518)
    at file:///snap/code/27/usr/share/code/resources/app/out/vs/workbench/workbench.desktop.main.js:3676:754
    at c.fire (file:///snap/code/27/usr/share/code/resources/app/out/vs/workbench/workbench.desktop.main.js:110:24)
    at v.fire (file:///snap/code/27/usr/share/code/resources/app/out/vs/workbench/workbench.desktop.main.js:382:801)
    at t.PersistentProtocol._receiveMessage (file:///snap/code/27/usr/share/code/resources/app/out/vs/workbench/workbench.desktop.main.js:387:276)
    at file:///snap/code/27/usr/share/code/resources/app/out/vs/workbench/workbench.desktop.main.js:384:321
    at c.fire (file:///snap/code/27/usr/share/code/resources/app/out/vs/workbench/workbench.desktop.main.js:110:24)
    at g.acceptChunk (file:///snap/code/27/usr/share/code/resources/app/out/vs/workbench/workbench.desktop.main.js:380:306)
    at file:///snap/code/27/usr/share/code/resources/app/out/vs/workbench/workbench.desktop.main.js:379:657
    at Socket.t (file:///snap/code/27/usr/share/code/resources/app/out/vs/workbench/workbench.desktop.main.js:390:450)
    at Socket.emit (events.js:203:13)
    at addChunk (_stream_readable.js:295:12)
    at readableAddChunk (_stream_readable.js:276:11)
    at Socket.Readable.push (_stream_readable.js:210:10)
    at Pipe.onStreamRead (internal/stream_base_commons.js:166:17)
[2020-03-19 15:24:00.171] [renderer1] [error] Unknown webview handle:c8cbbead-7ea2-4441-ad8c-ea4b2bf4e1e8: Error: Unknown webview handle:c8cbbead-7ea2-4441-ad8c-ea4b2bf4e1e8
    at D.getWebviewInput (file:///snap/code/27/usr/share/code/resources/app/out/vs/workbench/workbench.desktop.main.js:4456:965)
    at D.$setOptions (file:///snap/code/27/usr/share/code/resources/app/out/vs/workbench/workbench.desktop.main.js:4451:740)
    at g._doInvokeHandler (file:///snap/code/27/usr/share/code/resources/app/out/vs/workbench/workbench.desktop.main.js:3681:363)
    at g._invokeHandler (file:///snap/code/27/usr/share/code/resources/app/out/vs/workbench/workbench.desktop.main.js:3681:55)
    at g._receiveRequest (file:///snap/code/27/usr/share/code/resources/app/out/vs/workbench/workbench.desktop.main.js:3679:739)
    at g._receiveOneMessage (file:///snap/code/27/usr/share/code/resources/app/out/vs/workbench/workbench.desktop.main.js:3678:518)
    at file:///snap/code/27/usr/share/code/resources/app/out/vs/workbench/workbench.desktop.main.js:3676:754
    at c.fire (file:///snap/code/27/usr/share/code/resources/app/out/vs/workbench/workbench.desktop.main.js:110:24)
    at v.fire (file:///snap/code/27/usr/share/code/resources/app/out/vs/workbench/workbench.desktop.main.js:382:801)
    at t.PersistentProtocol._receiveMessage (file:///snap/code/27/usr/share/code/resources/app/out/vs/workbench/workbench.desktop.main.js:387:276)
    at file:///snap/code/27/usr/share/code/resources/app/out/vs/workbench/workbench.desktop.main.js:384:321
    at c.fire (file:///snap/code/27/usr/share/code/resources/app/out/vs/workbench/workbench.desktop.main.js:110:24)
    at g.acceptChunk (file:///snap/code/27/usr/share/code/resources/app/out/vs/workbench/workbench.desktop.main.js:380:306)
    at file:///snap/code/27/usr/share/code/resources/app/out/vs/workbench/workbench.desktop.main.js:379:657
    at Socket.t (file:///snap/code/27/usr/share/code/resources/app/out/vs/workbench/workbench.desktop.main.js:390:450)
    at Socket.emit (events.js:203:13)
    at addChunk (_stream_readable.js:295:12)
    at readableAddChunk (_stream_readable.js:276:11)
    at Socket.Readable.push (_stream_readable.js:210:10)
    at Pipe.onStreamRead (internal/stream_base_commons.js:166:17)
[2020-03-19 15:24:00.171] [renderer1] [error] Unknown webview handle:c8cbbead-7ea2-4441-ad8c-ea4b2bf4e1e8: Error: Unknown webview handle:c8cbbead-7ea2-4441-ad8c-ea4b2bf4e1e8
    at D.getWebviewInput (file:///snap/code/27/usr/share/code/resources/app/out/vs/workbench/workbench.desktop.main.js:4456:965)
    at D.$postMessage (file:///snap/code/27/usr/share/code/resources/app/out/vs/workbench/workbench.desktop.main.js:4452:108)
    at g._doInvokeHandler (file:///snap/code/27/usr/share/code/resources/app/out/vs/workbench/workbench.desktop.main.js:3681:363)
    at g._invokeHandler (file:///snap/code/27/usr/share/code/resources/app/out/vs/workbench/workbench.desktop.main.js:3681:55)
    at g._receiveRequest (file:///snap/code/27/usr/share/code/resources/app/out/vs/workbench/workbench.desktop.main.js:3679:739)
    at g._receiveOneMessage (file:///snap/code/27/usr/share/code/resources/app/out/vs/workbench/workbench.desktop.main.js:3678:518)
    at file:///snap/code/27/usr/share/code/resources/app/out/vs/workbench/workbench.desktop.main.js:3676:754
    at c.fire (file:///snap/code/27/usr/share/code/resources/app/out/vs/workbench/workbench.desktop.main.js:110:24)
    at v.fire (file:///snap/code/27/usr/share/code/resources/app/out/vs/workbench/workbench.desktop.main.js:382:801)
    at t.PersistentProtocol._receiveMessage (file:///snap/code/27/usr/share/code/resources/app/out/vs/workbench/workbench.desktop.main.js:387:276)
    at file:///snap/code/27/usr/share/code/resources/app/out/vs/workbench/workbench.desktop.main.js:384:321
    at c.fire (file:///snap/code/27/usr/share/code/resources/app/out/vs/workbench/workbench.desktop.main.js:110:24)
    at g.acceptChunk (file:///snap/code/27/usr/share/code/resources/app/out/vs/workbench/workbench.desktop.main.js:380:306)
    at file:///snap/code/27/usr/share/code/resources/app/out/vs/workbench/workbench.desktop.main.js:379:657
    at Socket.t (file:///snap/code/27/usr/share/code/resources/app/out/vs/workbench/workbench.desktop.main.js:390:450)
    at Socket.emit (events.js:203:13)
    at addChunk (_stream_readable.js:295:12)
    at readableAddChunk (_stream_readable.js:276:11)
    at Socket.Readable.push (_stream_readable.js:210:10)
    at Pipe.onStreamRead (internal/stream_base_commons.js:166:17)
[2020-03-19 15:24:00.171] [renderer1] [error] Unknown webview handle:2573b3a8-94dc-429a-bf91-d4c4e5936552: Error: Unknown webview handle:2573b3a8-94dc-429a-bf91-d4c4e5936552
    at D.getWebviewInput (file:///snap/code/27/usr/share/code/resources/app/out/vs/workbench/workbench.desktop.main.js:4456:965)
    at D.$setOptions (file:///snap/code/27/usr/share/code/resources/app/out/vs/workbench/workbench.desktop.main.js:4451:740)
    at g._doInvokeHandler (file:///snap/code/27/usr/share/code/resources/app/out/vs/workbench/workbench.desktop.main.js:3681:363)
    at g._invokeHandler (file:///snap/code/27/usr/share/code/resources/app/out/vs/workbench/workbench.desktop.main.js:3681:55)
    at g._receiveRequest (file:///snap/code/27/usr/share/code/resources/app/out/vs/workbench/workbench.desktop.main.js:3679:739)
    at g._receiveOneMessage (file:///snap/code/27/usr/share/code/resources/app/out/vs/workbench/workbench.desktop.main.js:3678:518)
    at file:///snap/code/27/usr/share/code/resources/app/out/vs/workbench/workbench.desktop.main.js:3676:754
    at c.fire (file:///snap/code/27/usr/share/code/resources/app/out/vs/workbench/workbench.desktop.main.js:110:24)
    at v.fire (file:///snap/code/27/usr/share/code/resources/app/out/vs/workbench/workbench.desktop.main.js:382:801)
    at t.PersistentProtocol._receiveMessage (file:///snap/code/27/usr/share/code/resources/app/out/vs/workbench/workbench.desktop.main.js:387:276)
    at file:///snap/code/27/usr/share/code/resources/app/out/vs/workbench/workbench.desktop.main.js:384:321
    at c.fire (file:///snap/code/27/usr/share/code/resources/app/out/vs/workbench/workbench.desktop.main.js:110:24)
    at g.acceptChunk (file:///snap/code/27/usr/share/code/resources/app/out/vs/workbench/workbench.desktop.main.js:380:306)
    at file:///snap/code/27/usr/share/code/resources/app/out/vs/workbench/workbench.desktop.main.js:379:657
    at Socket.t (file:///snap/code/27/usr/share/code/resources/app/out/vs/workbench/workbench.desktop.main.js:390:450)
    at Socket.emit (events.js:203:13)
    at addChunk (_stream_readable.js:295:12)
    at readableAddChunk (_stream_readable.js:276:11)
    at Socket.Readable.push (_stream_readable.js:210:10)
    at Pipe.onStreamRead (internal/stream_base_commons.js:166:17)
[2020-03-19 15:24:00.171] [renderer1] [error] Unknown webview handle:2573b3a8-94dc-429a-bf91-d4c4e5936552: Error: Unknown webview handle:2573b3a8-94dc-429a-bf91-d4c4e5936552
    at D.getWebviewInput (file:///snap/code/27/usr/share/code/resources/app/out/vs/workbench/workbench.desktop.main.js:4456:965)
    at D.$postMessage (file:///snap/code/27/usr/share/code/resources/app/out/vs/workbench/workbench.desktop.main.js:4452:108)
    at g._doInvokeHandler (file:///snap/code/27/usr/share/code/resources/app/out/vs/workbench/workbench.desktop.main.js:3681:363)
    at g._invokeHandler (file:///snap/code/27/usr/share/code/resources/app/out/vs/workbench/workbench.desktop.main.js:3681:55)
    at g._receiveRequest (file:///snap/code/27/usr/share/code/resources/app/out/vs/workbench/workbench.desktop.main.js:3679:739)
    at g._receiveOneMessage (file:///snap/code/27/usr/share/code/resources/app/out/vs/workbench/workbench.desktop.main.js:3678:518)
    at file:///snap/code/27/usr/share/code/resources/app/out/vs/workbench/workbench.desktop.main.js:3676:754
    at c.fire (file:///snap/code/27/usr/share/code/resources/app/out/vs/workbench/workbench.desktop.main.js:110:24)
    at v.fire (file:///snap/code/27/usr/share/code/resources/app/out/vs/workbench/workbench.desktop.main.js:382:801)
    at t.PersistentProtocol._receiveMessage (file:///snap/code/27/usr/share/code/resources/app/out/vs/workbench/workbench.desktop.main.js:387:276)
    at file:///snap/code/27/usr/share/code/resources/app/out/vs/workbench/workbench.desktop.main.js:384:321
    at c.fire (file:///snap/code/27/usr/share/code/resources/app/out/vs/workbench/workbench.desktop.main.js:110:24)
    at g.acceptChunk (file:///snap/code/27/usr/share/code/resources/app/out/vs/workbench/workbench.desktop.main.js:380:306)
    at file:///snap/code/27/usr/share/code/resources/app/out/vs/workbench/workbench.desktop.main.js:379:657
    at Socket.t (file:///snap/code/27/usr/share/code/resources/app/out/vs/workbench/workbench.desktop.main.js:390:450)
    at Socket.emit (events.js:203:13)
    at addChunk (_stream_readable.js:295:12)
    at readableAddChunk (_stream_readable.js:276:11)
    at Socket.Readable.push (_stream_readable.js:210:10)
    at Pipe.onStreamRead (internal/stream_base_commons.js:166:17)
[2020-03-19 15:24:00.172] [renderer1] [error] Unknown webview handle:a9e05dcd-a0bd-48d2-8292-792f70862f50: Error: Unknown webview handle:a9e05dcd-a0bd-48d2-8292-792f70862f50
    at D.getWebviewInput (file:///snap/code/27/usr/share/code/resources/app/out/vs/workbench/workbench.desktop.main.js:4456:965)
    at D.$setOptions (file:///snap/code/27/usr/share/code/resources/app/out/vs/workbench/workbench.desktop.main.js:4451:740)
    at g._doInvokeHandler (file:///snap/code/27/usr/share/code/resources/app/out/vs/workbench/workbench.desktop.main.js:3681:363)
    at g._invokeHandler (file:///snap/code/27/usr/share/code/resources/app/out/vs/workbench/workbench.desktop.main.js:3681:55)
    at g._receiveRequest (file:///snap/code/27/usr/share/code/resources/app/out/vs/workbench/workbench.desktop.main.js:3679:739)
    at g._receiveOneMessage (file:///snap/code/27/usr/share/code/resources/app/out/vs/workbench/workbench.desktop.main.js:3678:518)
    at file:///snap/code/27/usr/share/code/resources/app/out/vs/workbench/workbench.desktop.main.js:3676:754
    at c.fire (file:///snap/code/27/usr/share/code/resources/app/out/vs/workbench/workbench.desktop.main.js:110:24)
    at v.fire (file:///snap/code/27/usr/share/code/resources/app/out/vs/workbench/workbench.desktop.main.js:382:801)
    at t.PersistentProtocol._receiveMessage (file:///snap/code/27/usr/share/code/resources/app/out/vs/workbench/workbench.desktop.main.js:387:276)
    at file:///snap/code/27/usr/share/code/resources/app/out/vs/workbench/workbench.desktop.main.js:384:321
    at c.fire (file:///snap/code/27/usr/share/code/resources/app/out/vs/workbench/workbench.desktop.main.js:110:24)
    at g.acceptChunk (file:///snap/code/27/usr/share/code/resources/app/out/vs/workbench/workbench.desktop.main.js:380:306)
    at file:///snap/code/27/usr/share/code/resources/app/out/vs/workbench/workbench.desktop.main.js:379:657
    at Socket.t (file:///snap/code/27/usr/share/code/resources/app/out/vs/workbench/workbench.desktop.main.js:390:450)
    at Socket.emit (events.js:203:13)
    at addChunk (_stream_readable.js:295:12)
    at readableAddChunk (_stream_readable.js:276:11)
    at Socket.Readable.push (_stream_readable.js:210:10)
    at Pipe.onStreamRead (internal/stream_base_commons.js:166:17)
[2020-03-19 15:24:00.172] [renderer1] [error] Unknown webview handle:a9e05dcd-a0bd-48d2-8292-792f70862f50: Error: Unknown webview handle:a9e05dcd-a0bd-48d2-8292-792f70862f50
    at D.getWebviewInput (file:///snap/code/27/usr/share/code/resources/app/out/vs/workbench/workbench.desktop.main.js:4456:965)
    at D.$postMessage (file:///snap/code/27/usr/share/code/resources/app/out/vs/workbench/workbench.desktop.main.js:4452:108)
    at g._doInvokeHandler (file:///snap/code/27/usr/share/code/resources/app/out/vs/workbench/workbench.desktop.main.js:3681:363)
    at g._invokeHandler (file:///snap/code/27/usr/share/code/resources/app/out/vs/workbench/workbench.desktop.main.js:3681:55)
    at g._receiveRequest (file:///snap/code/27/usr/share/code/resources/app/out/vs/workbench/workbench.desktop.main.js:3679:739)
    at g._receiveOneMessage (file:///snap/code/27/usr/share/code/resources/app/out/vs/workbench/workbench.desktop.main.js:3678:518)
    at file:///snap/code/27/usr/share/code/resources/app/out/vs/workbench/workbench.desktop.main.js:3676:754
    at c.fire (file:///snap/code/27/usr/share/code/resources/app/out/vs/workbench/workbench.desktop.main.js:110:24)
    at v.fire (file:///snap/code/27/usr/share/code/resources/app/out/vs/workbench/workbench.desktop.main.js:382:801)
    at t.PersistentProtocol._receiveMessage (file:///snap/code/27/usr/share/code/resources/app/out/vs/workbench/workbench.desktop.main.js:387:276)
    at file:///snap/code/27/usr/share/code/resources/app/out/vs/workbench/workbench.desktop.main.js:384:321
    at c.fire (file:///snap/code/27/usr/share/code/resources/app/out/vs/workbench/workbench.desktop.main.js:110:24)
    at g.acceptChunk (file:///snap/code/27/usr/share/code/resources/app/out/vs/workbench/workbench.desktop.main.js:380:306)
    at file:///snap/code/27/usr/share/code/resources/app/out/vs/workbench/workbench.desktop.main.js:379:657
    at Socket.t (file:///snap/code/27/usr/share/code/resources/app/out/vs/workbench/workbench.desktop.main.js:390:450)
    at Socket.emit (events.js:203:13)
    at addChunk (_stream_readable.js:295:12)
    at readableAddChunk (_stream_readable.js:276:11)
    at Socket.Readable.push (_stream_readable.js:210:10)
    at Pipe.onStreamRead (internal/stream_base_commons.js:166:17)
[2020-03-19 15:24:00.172] [renderer1] [error] Unknown webview handle:739c5cc8-0f6c-44f4-9a3c-a815d26d016b: Error: Unknown webview handle:739c5cc8-0f6c-44f4-9a3c-a815d26d016b
    at D.getWebviewInput (file:///snap/code/27/usr/share/code/resources/app/out/vs/workbench/workbench.desktop.main.js:4456:965)
    at D.$setHtml (file:///snap/code/27/usr/share/code/resources/app/out/vs/workbench/workbench.desktop.main.js:4451:684)
    at g._doInvokeHandler (file:///snap/code/27/usr/share/code/resources/app/out/vs/workbench/workbench.desktop.main.js:3681:363)
    at g._invokeHandler (file:///snap/code/27/usr/share/code/resources/app/out/vs/workbench/workbench.desktop.main.js:3681:55)
    at g._receiveRequest (file:///snap/code/27/usr/share/code/resources/app/out/vs/workbench/workbench.desktop.main.js:3679:739)
    at g._receiveOneMessage (file:///snap/code/27/usr/share/code/resources/app/out/vs/workbench/workbench.desktop.main.js:3678:518)
    at file:///snap/code/27/usr/share/code/resources/app/out/vs/workbench/workbench.desktop.main.js:3676:754
    at c.fire (file:///snap/code/27/usr/share/code/resources/app/out/vs/workbench/workbench.desktop.main.js:110:24)
    at v.fire (file:///snap/code/27/usr/share/code/resources/app/out/vs/workbench/workbench.desktop.main.js:382:801)
    at t.PersistentProtocol._receiveMessage (file:///snap/code/27/usr/share/code/resources/app/out/vs/workbench/workbench.desktop.main.js:387:276)
    at file:///snap/code/27/usr/share/code/resources/app/out/vs/workbench/workbench.desktop.main.js:384:321
    at c.fire (file:///snap/code/27/usr/share/code/resources/app/out/vs/workbench/workbench.desktop.main.js:110:24)
    at g.acceptChunk (file:///snap/code/27/usr/share/code/resources/app/out/vs/workbench/workbench.desktop.main.js:380:306)
    at file:///snap/code/27/usr/share/code/resources/app/out/vs/workbench/workbench.desktop.main.js:379:657
    at Socket.t (file:///snap/code/27/usr/share/code/resources/app/out/vs/workbench/workbench.desktop.main.js:390:450)
    at Socket.emit (events.js:203:13)
    at addChunk (_stream_readable.js:295:12)
    at readableAddChunk (_stream_readable.js:276:11)
    at Socket.Readable.push (_stream_readable.js:210:10)
    at Pipe.onStreamRead (internal/stream_base_commons.js:166:17)
[2020-03-19 15:24:00.172] [renderer1] [error] Unknown webview handle:94e35a8a-97fe-4d4f-97d0-11b76cc751ba: Error: Unknown webview handle:94e35a8a-97fe-4d4f-97d0-11b76cc751ba
    at D.getWebviewInput (file:///snap/code/27/usr/share/code/resources/app/out/vs/workbench/workbench.desktop.main.js:4456:965)
    at D.$setHtml (file:///snap/code/27/usr/share/code/resources/app/out/vs/workbench/workbench.desktop.main.js:4451:684)
    at g._doInvokeHandler (file:///snap/code/27/usr/share/code/resources/app/out/vs/workbench/workbench.desktop.main.js:3681:363)
    at g._invokeHandler (file:///snap/code/27/usr/share/code/resources/app/out/vs/workbench/workbench.desktop.main.js:3681:55)
    at g._receiveRequest (file:///snap/code/27/usr/share/code/resources/app/out/vs/workbench/workbench.desktop.main.js:3679:739)
    at g._receiveOneMessage (file:///snap/code/27/usr/share/code/resources/app/out/vs/workbench/workbench.desktop.main.js:3678:518)
    at file:///snap/code/27/usr/share/code/resources/app/out/vs/workbench/workbench.desktop.main.js:3676:754
    at c.fire (file:///snap/code/27/usr/share/code/resources/app/out/vs/workbench/workbench.desktop.main.js:110:24)
    at v.fire (file:///snap/code/27/usr/share/code/resources/app/out/vs/workbench/workbench.desktop.main.js:382:801)
    at t.PersistentProtocol._receiveMessage (file:///snap/code/27/usr/share/code/resources/app/out/vs/workbench/workbench.desktop.main.js:387:276)
    at file:///snap/code/27/usr/share/code/resources/app/out/vs/workbench/workbench.desktop.main.js:384:321
    at c.fire (file:///snap/code/27/usr/share/code/resources/app/out/vs/workbench/workbench.desktop.main.js:110:24)
    at g.acceptChunk (file:///snap/code/27/usr/share/code/resources/app/out/vs/workbench/workbench.desktop.main.js:380:306)
    at file:///snap/code/27/usr/share/code/resources/app/out/vs/workbench/workbench.desktop.main.js:379:657
    at Socket.t (file:///snap/code/27/usr/share/code/resources/app/out/vs/workbench/workbench.desktop.main.js:390:450)
    at Socket.emit (events.js:203:13)
    at addChunk (_stream_readable.js:295:12)
    at readableAddChunk (_stream_readable.js:276:11)
    at Socket.Readable.push (_stream_readable.js:210:10)
    at Pipe.onStreamRead (internal/stream_base_commons.js:166:17)
[2020-03-19 15:24:00.172] [renderer1] [error] Unknown webview handle:f30042ca-77a0-49bd-8d79-59f6554c6375: Error: Unknown webview handle:f30042ca-77a0-49bd-8d79-59f6554c6375
    at D.getWebviewInput (file:///snap/code/27/usr/share/code/resources/app/out/vs/workbench/workbench.desktop.main.js:4456:965)
    at D.$setHtml (file:///snap/code/27/usr/share/code/resources/app/out/vs/workbench/workbench.desktop.main.js:4451:684)
    at g._doInvokeHandler (file:///snap/code/27/usr/share/code/resources/app/out/vs/workbench/workbench.desktop.main.js:3681:363)
    at g._invokeHandler (file:///snap/code/27/usr/share/code/resources/app/out/vs/workbench/workbench.desktop.main.js:3681:55)
    at g._receiveRequest (file:///snap/code/27/usr/share/code/resources/app/out/vs/workbench/workbench.desktop.main.js:3679:739)
    at g._receiveOneMessage (file:///snap/code/27/usr/share/code/resources/app/out/vs/workbench/workbench.desktop.main.js:3678:518)
    at file:///snap/code/27/usr/share/code/resources/app/out/vs/workbench/workbench.desktop.main.js:3676:754
    at c.fire (file:///snap/code/27/usr/share/code/resources/app/out/vs/workbench/workbench.desktop.main.js:110:24)
    at v.fire (file:///snap/code/27/usr/share/code/resources/app/out/vs/workbench/workbench.desktop.main.js:382:801)
    at t.PersistentProtocol._receiveMessage (file:///snap/code/27/usr/share/code/resources/app/out/vs/workbench/workbench.desktop.main.js:387:276)
    at file:///snap/code/27/usr/share/code/resources/app/out/vs/workbench/workbench.desktop.main.js:384:321
    at c.fire (file:///snap/code/27/usr/share/code/resources/app/out/vs/workbench/workbench.desktop.main.js:110:24)
    at g.acceptChunk (file:///snap/code/27/usr/share/code/resources/app/out/vs/workbench/workbench.desktop.main.js:380:306)
    at file:///snap/code/27/usr/share/code/resources/app/out/vs/workbench/workbench.desktop.main.js:379:657
    at Socket.t (file:///snap/code/27/usr/share/code/resources/app/out/vs/workbench/workbench.desktop.main.js:390:450)
    at Socket.emit (events.js:203:13)
    at addChunk (_stream_readable.js:295:12)
    at readableAddChunk (_stream_readable.js:276:11)
    at Socket.Readable.push (_stream_readable.js:210:10)
    at Pipe.onStreamRead (internal/stream_base_commons.js:166:17)
[2020-03-19 15:24:00.172] [renderer1] [error] Unknown webview handle:0d896bf4-500b-4159-bb48-b98272c2dcfb: Error: Unknown webview handle:0d896bf4-500b-4159-bb48-b98272c2dcfb
    at D.getWebviewInput (file:///snap/code/27/usr/share/code/resources/app/out/vs/workbench/workbench.desktop.main.js:4456:965)
    at D.$setHtml (file:///snap/code/27/usr/share/code/resources/app/out/vs/workbench/workbench.desktop.main.js:4451:684)
    at g._doInvokeHandler (file:///snap/code/27/usr/share/code/resources/app/out/vs/workbench/workbench.desktop.main.js:3681:363)
    at g._invokeHandler (file:///snap/code/27/usr/share/code/resources/app/out/vs/workbench/workbench.desktop.main.js:3681:55)
    at g._receiveRequest (file:///snap/code/27/usr/share/code/resources/app/out/vs/workbench/workbench.desktop.main.js:3679:739)
    at g._receiveOneMessage (file:///snap/code/27/usr/share/code/resources/app/out/vs/workbench/workbench.desktop.main.js:3678:518)
    at file:///snap/code/27/usr/share/code/resources/app/out/vs/workbench/workbench.desktop.main.js:3676:754
    at c.fire (file:///snap/code/27/usr/share/code/resources/app/out/vs/workbench/workbench.desktop.main.js:110:24)
    at v.fire (file:///snap/code/27/usr/share/code/resources/app/out/vs/workbench/workbench.desktop.main.js:382:801)
    at t.PersistentProtocol._receiveMessage (file:///snap/code/27/usr/share/code/resources/app/out/vs/workbench/workbench.desktop.main.js:387:276)
    at file:///snap/code/27/usr/share/code/resources/app/out/vs/workbench/workbench.desktop.main.js:384:321
    at c.fire (file:///snap/code/27/usr/share/code/resources/app/out/vs/workbench/workbench.desktop.main.js:110:24)
    at g.acceptChunk (file:///snap/code/27/usr/share/code/resources/app/out/vs/workbench/workbench.desktop.main.js:380:306)
    at file:///snap/code/27/usr/share/code/resources/app/out/vs/workbench/workbench.desktop.main.js:379:657
    at Socket.t (file:///snap/code/27/usr/share/code/resources/app/out/vs/workbench/workbench.desktop.main.js:390:450)
    at Socket.emit (events.js:203:13)
    at addChunk (_stream_readable.js:295:12)
    at readableAddChunk (_stream_readable.js:276:11)
    at Socket.Readable.push (_stream_readable.js:210:10)
    at Pipe.onStreamRead (internal/stream_base_commons.js:166:17)
[2020-03-19 15:24:00.172] [renderer1] [error] Unknown webview handle:b53c29f6-9f3d-4bfc-96e3-bfa048619dc8: Error: Unknown webview handle:b53c29f6-9f3d-4bfc-96e3-bfa048619dc8
    at D.getWebviewInput (file:///snap/code/27/usr/share/code/resources/app/out/vs/workbench/workbench.desktop.main.js:4456:965)
    at D.$setHtml (file:///snap/code/27/usr/share/code/resources/app/out/vs/workbench/workbench.desktop.main.js:4451:684)
    at g._doInvokeHandler (file:///snap/code/27/usr/share/code/resources/app/out/vs/workbench/workbench.desktop.main.js:3681:363)
    at g._invokeHandler (file:///snap/code/27/usr/share/code/resources/app/out/vs/workbench/workbench.desktop.main.js:3681:55)
    at g._receiveRequest (file:///snap/code/27/usr/share/code/resources/app/out/vs/workbench/workbench.desktop.main.js:3679:739)
    at g._receiveOneMessage (file:///snap/code/27/usr/share/code/resources/app/out/vs/workbench/workbench.desktop.main.js:3678:518)
    at file:///snap/code/27/usr/share/code/resources/app/out/vs/workbench/workbench.desktop.main.js:3676:754
    at c.fire (file:///snap/code/27/usr/share/code/resources/app/out/vs/workbench/workbench.desktop.main.js:110:24)
    at v.fire (file:///snap/code/27/usr/share/code/resources/app/out/vs/workbench/workbench.desktop.main.js:382:801)
    at t.PersistentProtocol._receiveMessage (file:///snap/code/27/usr/share/code/resources/app/out/vs/workbench/workbench.desktop.main.js:387:276)
    at file:///snap/code/27/usr/share/code/resources/app/out/vs/workbench/workbench.desktop.main.js:384:321
    at c.fire (file:///snap/code/27/usr/share/code/resources/app/out/vs/workbench/workbench.desktop.main.js:110:24)
    at g.acceptChunk (file:///snap/code/27/usr/share/code/resources/app/out/vs/workbench/workbench.desktop.main.js:380:306)
    at file:///snap/code/27/usr/share/code/resources/app/out/vs/workbench/workbench.desktop.main.js:379:657
    at Socket.t (file:///snap/code/27/usr/share/code/resources/app/out/vs/workbench/workbench.desktop.main.js:390:450)
    at Socket.emit (events.js:203:13)
    at addChunk (_stream_readable.js:295:12)
    at readableAddChunk (_stream_readable.js:276:11)
    at Socket.Readable.push (_stream_readable.js:210:10)
    at Pipe.onStreamRead (internal/stream_base_commons.js:166:17)
[2020-03-19 15:24:00.173] [renderer1] [error] Unknown webview handle:c8cbbead-7ea2-4441-ad8c-ea4b2bf4e1e8: Error: Unknown webview handle:c8cbbead-7ea2-4441-ad8c-ea4b2bf4e1e8
    at D.getWebviewInput (file:///snap/code/27/usr/share/code/resources/app/out/vs/workbench/workbench.desktop.main.js:4456:965)
    at D.$setHtml (file:///snap/code/27/usr/share/code/resources/app/out/vs/workbench/workbench.desktop.main.js:4451:684)
    at g._doInvokeHandler (file:///snap/code/27/usr/share/code/resources/app/out/vs/workbench/workbench.desktop.main.js:3681:363)
    at g._invokeHandler (file:///snap/code/27/usr/share/code/resources/app/out/vs/workbench/workbench.desktop.main.js:3681:55)
    at g._receiveRequest (file:///snap/code/27/usr/share/code/resources/app/out/vs/workbench/workbench.desktop.main.js:3679:739)
    at g._receiveOneMessage (file:///snap/code/27/usr/share/code/resources/app/out/vs/workbench/workbench.desktop.main.js:3678:518)
    at file:///snap/code/27/usr/share/code/resources/app/out/vs/workbench/workbench.desktop.main.js:3676:754
    at c.fire (file:///snap/code/27/usr/share/code/resources/app/out/vs/workbench/workbench.desktop.main.js:110:24)
    at v.fire (file:///snap/code/27/usr/share/code/resources/app/out/vs/workbench/workbench.desktop.main.js:382:801)
    at t.PersistentProtocol._receiveMessage (file:///snap/code/27/usr/share/code/resources/app/out/vs/workbench/workbench.desktop.main.js:387:276)
    at file:///snap/code/27/usr/share/code/resources/app/out/vs/workbench/workbench.desktop.main.js:384:321
    at c.fire (file:///snap/code/27/usr/share/code/resources/app/out/vs/workbench/workbench.desktop.main.js:110:24)
    at g.acceptChunk (file:///snap/code/27/usr/share/code/resources/app/out/vs/workbench/workbench.desktop.main.js:380:306)
    at file:///snap/code/27/usr/share/code/resources/app/out/vs/workbench/workbench.desktop.main.js:379:657
    at Socket.t (file:///snap/code/27/usr/share/code/resources/app/out/vs/workbench/workbench.desktop.main.js:390:450)
    at Socket.emit (events.js:203:13)
    at addChunk (_stream_readable.js:295:12)
    at readableAddChunk (_stream_readable.js:276:11)
    at Socket.Readable.push (_stream_readable.js:210:10)
    at Pipe.onStreamRead (internal/stream_base_commons.js:166:17)
[2020-03-19 15:24:00.173] [renderer1] [error] Unknown webview handle:2573b3a8-94dc-429a-bf91-d4c4e5936552: Error: Unknown webview handle:2573b3a8-94dc-429a-bf91-d4c4e5936552
    at D.getWebviewInput (file:///snap/code/27/usr/share/code/resources/app/out/vs/workbench/workbench.desktop.main.js:4456:965)
    at D.$setHtml (file:///snap/code/27/usr/share/code/resources/app/out/vs/workbench/workbench.desktop.main.js:4451:684)
    at g._doInvokeHandler (file:///snap/code/27/usr/share/code/resources/app/out/vs/workbench/workbench.desktop.main.js:3681:363)
    at g._invokeHandler (file:///snap/code/27/usr/share/code/resources/app/out/vs/workbench/workbench.desktop.main.js:3681:55)
    at g._receiveRequest (file:///snap/code/27/usr/share/code/resources/app/out/vs/workbench/workbench.desktop.main.js:3679:739)
    at g._receiveOneMessage (file:///snap/code/27/usr/share/code/resources/app/out/vs/workbench/workbench.desktop.main.js:3678:518)
    at file:///snap/code/27/usr/share/code/resources/app/out/vs/workbench/workbench.desktop.main.js:3676:754
    at c.fire (file:///snap/code/27/usr/share/code/resources/app/out/vs/workbench/workbench.desktop.main.js:110:24)
    at v.fire (file:///snap/code/27/usr/share/code/resources/app/out/vs/workbench/workbench.desktop.main.js:382:801)
    at t.PersistentProtocol._receiveMessage (file:///snap/code/27/usr/share/code/resources/app/out/vs/workbench/workbench.desktop.main.js:387:276)
    at file:///snap/code/27/usr/share/code/resources/app/out/vs/workbench/workbench.desktop.main.js:384:321
    at c.fire (file:///snap/code/27/usr/share/code/resources/app/out/vs/workbench/workbench.desktop.main.js:110:24)
    at g.acceptChunk (file:///snap/code/27/usr/share/code/resources/app/out/vs/workbench/workbench.desktop.main.js:380:306)
    at file:///snap/code/27/usr/share/code/resources/app/out/vs/workbench/workbench.desktop.main.js:379:657
    at Socket.t (file:///snap/code/27/usr/share/code/resources/app/out/vs/workbench/workbench.desktop.main.js:390:450)
    at Socket.emit (events.js:203:13)
    at addChunk (_stream_readable.js:295:12)
    at readableAddChunk (_stream_readable.js:276:11)
    at Socket.Readable.push (_stream_readable.js:210:10)
    at Pipe.onStreamRead (internal/stream_base_commons.js:166:17)
[2020-03-19 15:24:00.173] [renderer1] [error] Unknown webview handle:a9e05dcd-a0bd-48d2-8292-792f70862f50: Error: Unknown webview handle:a9e05dcd-a0bd-48d2-8292-792f70862f50
    at D.getWebviewInput (file:///snap/code/27/usr/share/code/resources/app/out/vs/workbench/workbench.desktop.main.js:4456:965)
    at D.$setHtml (file:///snap/code/27/usr/share/code/resources/app/out/vs/workbench/workbench.desktop.main.js:4451:684)
    at g._doInvokeHandler (file:///snap/code/27/usr/share/code/resources/app/out/vs/workbench/workbench.desktop.main.js:3681:363)
    at g._invokeHandler (file:///snap/code/27/usr/share/code/resources/app/out/vs/workbench/workbench.desktop.main.js:3681:55)
    at g._receiveRequest (file:///snap/code/27/usr/share/code/resources/app/out/vs/workbench/workbench.desktop.main.js:3679:739)
    at g._receiveOneMessage (file:///snap/code/27/usr/share/code/resources/app/out/vs/workbench/workbench.desktop.main.js:3678:518)
    at file:///snap/code/27/usr/share/code/resources/app/out/vs/workbench/workbench.desktop.main.js:3676:754
    at c.fire (file:///snap/code/27/usr/share/code/resources/app/out/vs/workbench/workbench.desktop.main.js:110:24)
    at v.fire (file:///snap/code/27/usr/share/code/resources/app/out/vs/workbench/workbench.desktop.main.js:382:801)
    at t.PersistentProtocol._receiveMessage (file:///snap/code/27/usr/share/code/resources/app/out/vs/workbench/workbench.desktop.main.js:387:276)
    at file:///snap/code/27/usr/share/code/resources/app/out/vs/workbench/workbench.desktop.main.js:384:321
    at c.fire (file:///snap/code/27/usr/share/code/resources/app/out/vs/workbench/workbench.desktop.main.js:110:24)
    at g.acceptChunk (file:///snap/code/27/usr/share/code/resources/app/out/vs/workbench/workbench.desktop.main.js:380:306)
    at file:///snap/code/27/usr/share/code/resources/app/out/vs/workbench/workbench.desktop.main.js:379:657
    at Socket.t (file:///snap/code/27/usr/share/code/resources/app/out/vs/workbench/workbench.desktop.main.js:390:450)
    at Socket.emit (events.js:203:13)
    at addChunk (_stream_readable.js:295:12)
    at readableAddChunk (_stream_readable.js:276:11)
    at Socket.Readable.push (_stream_readable.js:210:10)
    at Pipe.onStreamRead (internal/stream_base_commons.js:166:17)
