Looking for git in: git
Using git 2.20.1 from git
> git rev-parse --show-toplevel
> git rev-parse --git-dir
Open repository: /home/rgniadek/Documents/Repos/qoerc.github.io
> git fetch
> git status -z -u
> git symbolic-ref --short HEAD
> git rev-parse master
> git rev-parse --symbolic-full-name master@{u}
> git rev-list --left-right master...refs/remotes/origin/master
> git for-each-ref --format %(refname) %(objectname) --sort -committerdate
> git remote --verbose
> git config --get commit.template
> git status -z -u
> git symbolic-ref --short HEAD
> git rev-parse master
> git rev-parse --symbolic-full-name master@{u}
> git check-ignore -v -z --stdin
> git rev-list --left-right master...refs/remotes/origin/master
> git for-each-ref --format %(refname) %(objectname) --sort -committerdate
> git remote --verbose
> git config --get commit.template
> git config --global user.email
> git config --global user.name
> git status -z -u
> git symbolic-ref --short HEAD
> git rev-parse master
> git rev-parse --symbolic-full-name master@{u}
> git rev-list --left-right master...refs/remotes/origin/master
> git for-each-ref --format %(refname) %(objectname) --sort -committerdate
> git remote --verbose
> git config --get commit.template
> git show -s --format=%an <%ae> [%ai] 0dea509f87421329a481e420f14ee55f9dd53d03
> git show -s --format=%H%n%aN%n%aE%n%at%n%ct%n%P%n%B -z 0dea509f87421329a481e420f14ee55f9dd53d03
> git show -s --format=%an <%ae> [%ai] 208447f6a364571f0f5c656d27c0d1f406fb94b5
> git show -s --format=%H%n%aN%n%aE%n%at%n%ct%n%P%n%B -z 208447f6a364571f0f5c656d27c0d1f406fb94b5
> git show -s --format=%an <%ae> [%ai] 6845987e83e51c7e46616353bc72850fcbdabb6c
> git show -s --format=%H%n%aN%n%aE%n%at%n%ct%n%P%n%B -z 6845987e83e51c7e46616353bc72850fcbdabb6c
> git show -s --format=%an <%ae> [%ai] 0e9f9bc68686689940d77b958335040e5c2c8c0b
> git show -s --format=%H%n%aN%n%aE%n%at%n%ct%n%P%n%B -z 0e9f9bc68686689940d77b958335040e5c2c8c0b
> git show -s --format=%an <%ae> [%ai] a416d4ece857b402e9196ab64a22bbfadab37862
> git show -s --format=%H%n%aN%n%aE%n%at%n%ct%n%P%n%B -z a416d4ece857b402e9196ab64a22bbfadab37862
> git show -s --format=%an <%ae> [%ai] 3b7fa05f1fcecadc7bdaddf82e267251be67a399
> git show -s --format=%H%n%aN%n%aE%n%at%n%ct%n%P%n%B -z 3b7fa05f1fcecadc7bdaddf82e267251be67a399
> git show -s --format=%an <%ae> [%ai] de86fd249796f9545268f2d8c2a6e30223b51baa
> git show -s --format=%H%n%aN%n%aE%n%at%n%ct%n%P%n%B -z de86fd249796f9545268f2d8c2a6e30223b51baa
> git show -s --format=%an <%ae> [%ai] 39332c3b437dcc46309b1f2d147723bf437ee456
> git show -s --format=%H%n%aN%n%aE%n%at%n%ct%n%P%n%B -z 39332c3b437dcc46309b1f2d147723bf437ee456
> git show -s --format=%an <%ae> [%ai] eb12073a6c3fa712c8ff59b11b9ffe4852373f35
> git show -s --format=%H%n%aN%n%aE%n%at%n%ct%n%P%n%B -z eb12073a6c3fa712c8ff59b11b9ffe4852373f35
> git show -s --format=%an <%ae> [%ai] f1e2f9d4396ce5c93117270c41af1373c92f0822
> git show -s --format=%H%n%aN%n%aE%n%at%n%ct%n%P%n%B -z f1e2f9d4396ce5c93117270c41af1373c92f0822
> git show -s --format=%an <%ae> [%ai] e930bbaa1bf5d4c5dec14d255d5fa9fccc769b16
> git show -s --format=%H%n%aN%n%aE%n%at%n%ct%n%P%n%B -z e930bbaa1bf5d4c5dec14d255d5fa9fccc769b16
> git show -s --format=%an <%ae> [%ai] 475b58137bb84eec4a5e39169284c1ff4722a126
> git show -s --format=%H%n%aN%n%aE%n%at%n%ct%n%P%n%B -z 475b58137bb84eec4a5e39169284c1ff4722a126
> git show -s --format=%an <%ae> [%ai] baa50545d8c60a65f9e80d2c149683e801d279da
> git show -s --format=%an <%ae> [%ai] 77476933324a89ecd9863137dbce57665a44cc7b
> git show -s --format=%H%n%aN%n%aE%n%at%n%ct%n%P%n%B -z baa50545d8c60a65f9e80d2c149683e801d279da
> git show -s --format=%H%n%aN%n%aE%n%at%n%ct%n%P%n%B -z 77476933324a89ecd9863137dbce57665a44cc7b
> git show -s --format=%an <%ae> [%ai] 25b14519e53d8a8851868104c1f6394549085da0
> git show -s --format=%an <%ae> [%ai] 5a162efe59a218f94acacc70b549af45dd9eb213
> git show -s --format=%H%n%aN%n%aE%n%at%n%ct%n%P%n%B -z 25b14519e53d8a8851868104c1f6394549085da0
> git show -s --format=%H%n%aN%n%aE%n%at%n%ct%n%P%n%B -z 5a162efe59a218f94acacc70b549af45dd9eb213
> git show -s --format=%an <%ae> [%ai] e7634bea985e478e4b21319aaad93ff1cf443166
> git show -s --format=%an <%ae> [%ai] 25b14519e53d8a8851868104c1f6394549085da0
> git show -s --format=%H%n%aN%n%aE%n%at%n%ct%n%P%n%B -z e7634bea985e478e4b21319aaad93ff1cf443166
> git show -s --format=%H%n%aN%n%aE%n%at%n%ct%n%P%n%B -z 25b14519e53d8a8851868104c1f6394549085da0
> git show -s --format=%an <%ae> [%ai] 0ac3b00edd8bb06faad1485a8201aa96127c84dc
> git show -s --format=%an <%ae> [%ai] e7634bea985e478e4b21319aaad93ff1cf443166
> git show -s --format=%H%n%aN%n%aE%n%at%n%ct%n%P%n%B -z 0ac3b00edd8bb06faad1485a8201aa96127c84dc
> git show -s --format=%H%n%aN%n%aE%n%at%n%ct%n%P%n%B -z e7634bea985e478e4b21319aaad93ff1cf443166
> git show -s --format=%an <%ae> [%ai] 0ac3b00edd8bb06faad1485a8201aa96127c84dc
> git show -s --format=%H%n%aN%n%aE%n%at%n%ct%n%P%n%B -z 0ac3b00edd8bb06faad1485a8201aa96127c84dc
> git show :index.html
> git ls-files --stage -- /home/rgniadek/Documents/Repos/qoerc.github.io/index.html
> git cat-file -s 39a7a4ef5f0644dea238481bc8f5e4480289cdf6
> git fetch
> git status -z -u
> git symbolic-ref --short HEAD
> git rev-parse master
> git rev-parse --symbolic-full-name master@{u}
> git rev-list --left-right master...refs/remotes/origin/master
> git for-each-ref --format %(refname) %(objectname) --sort -committerdate
> git remote --verbose
> git config --get commit.template
> git ls-files --stage -- /home/rgniadek/Documents/Repos/qoerc.github.io/index.html
> git cat-file -s 39a7a4ef5f0644dea238481bc8f5e4480289cdf6
> git show :index.html
> git status -z -u
> git symbolic-ref --short HEAD
> git rev-parse master
> git rev-parse --symbolic-full-name master@{u}
> git rev-list --left-right master...refs/remotes/origin/master
> git for-each-ref --format %(refname) %(objectname) --sort -committerdate
> git remote --verbose
> git config --get commit.template
> git status -z -u
> git symbolic-ref --short HEAD
> git rev-parse master
> git rev-parse --symbolic-full-name master@{u}
> git rev-list --left-right master...refs/remotes/origin/master
> git for-each-ref --format %(refname) %(objectname) --sort -committerdate
> git remote --verbose
> git config --get commit.template
> git status -z -u
> git symbolic-ref --short HEAD
> git rev-parse master
> git rev-parse --symbolic-full-name master@{u}
> git rev-list --left-right master...refs/remotes/origin/master
> git for-each-ref --format %(refname) %(objectname) --sort -committerdate
> git remote --verbose
> git config --get commit.template
> git status -z -u
> git symbolic-ref --short HEAD
> git rev-parse master
> git rev-parse --symbolic-full-name master@{u}
> git rev-list --left-right master...refs/remotes/origin/master
> git for-each-ref --format %(refname) %(objectname) --sort -committerdate
> git remote --verbose
> git config --get commit.template
> git fetch
> git status -z -u
> git symbolic-ref --short HEAD
> git rev-parse master
> git rev-parse --symbolic-full-name master@{u}
> git rev-list --left-right master...refs/remotes/origin/master
> git for-each-ref --format %(refname) %(objectname) --sort -committerdate
> git remote --verbose
> git config --get commit.template
> git ls-files --stage -- /home/rgniadek/Documents/Repos/qoerc.github.io/index.html
> git cat-file -s 39a7a4ef5f0644dea238481bc8f5e4480289cdf6
> git show :index.html
> git status -z -u
> git symbolic-ref --short HEAD
> git rev-parse master
> git rev-parse --symbolic-full-name master@{u}
> git rev-list --left-right master...refs/remotes/origin/master
> git for-each-ref --format %(refname) %(objectname) --sort -committerdate
> git remote --verbose
> git config --get commit.template
> git status -z -u
> git symbolic-ref --short HEAD
> git rev-parse master
> git rev-parse --symbolic-full-name master@{u}
> git rev-list --left-right master...refs/remotes/origin/master
> git for-each-ref --format %(refname) %(objectname) --sort -committerdate
> git remote --verbose
> git config --get commit.template
> git fetch
> git status -z -u
> git symbolic-ref --short HEAD
> git rev-parse master
> git rev-parse --symbolic-full-name master@{u}
> git rev-list --left-right master...refs/remotes/origin/master
> git for-each-ref --format %(refname) %(objectname) --sort -committerdate
> git remote --verbose
> git config --get commit.template
> git ls-files --stage -- /home/rgniadek/Documents/Repos/qoerc.github.io/index.html
> git cat-file -s 39a7a4ef5f0644dea238481bc8f5e4480289cdf6
> git show :index.html
> git status -z -u
> git symbolic-ref --short HEAD
> git rev-parse master
> git rev-parse --symbolic-full-name master@{u}
> git rev-list --left-right master...refs/remotes/origin/master
> git for-each-ref --format %(refname) %(objectname) --sort -committerdate
> git remote --verbose
> git config --get commit.template
> git ls-files --stage -- /home/rgniadek/Documents/Repos/qoerc.github.io/index.html
> git cat-file -s 70b697e49b7045768c28a9332ddd052c93545bba
> git show :index.html
> git status -z -u
> git symbolic-ref --short HEAD
> git rev-parse master
> git rev-parse --symbolic-full-name master@{u}
> git rev-list --left-right master...refs/remotes/origin/master
> git for-each-ref --format %(refname) %(objectname) --sort -committerdate
> git remote --verbose
> git config --get commit.template
> git status -z -u
> git symbolic-ref --short HEAD
> git rev-parse master
> git rev-parse --symbolic-full-name master@{u}
> git rev-list --left-right master...refs/remotes/origin/master
> git for-each-ref --format %(refname) %(objectname) --sort -committerdate
> git remote --verbose
> git config --get commit.template
> git status -z -u
> git symbolic-ref --short HEAD
> git rev-parse master
> git rev-parse --symbolic-full-name master@{u}
> git rev-list --left-right master...refs/remotes/origin/master
> git for-each-ref --format %(refname) %(objectname) --sort -committerdate
> git remote --verbose
> git config --get commit.template
> git ls-files --stage -- /home/rgniadek/Documents/Repos/qoerc.github.io/index.html
> git cat-file -s 70b697e49b7045768c28a9332ddd052c93545bba
> git show :index.html
> git status -z -u
> git symbolic-ref --short HEAD
> git rev-parse master
> git rev-parse --symbolic-full-name master@{u}
> git rev-list --left-right master...refs/remotes/origin/master
> git for-each-ref --format %(refname) %(objectname) --sort -committerdate
> git remote --verbose
> git config --get commit.template
> git ls-files --stage -- /home/rgniadek/Documents/Repos/qoerc.github.io/index.html
> git cat-file -s 70b697e49b7045768c28a9332ddd052c93545bba
> git show :index.html
> git status -z -u
> git symbolic-ref --short HEAD
> git rev-parse master
> git rev-parse --symbolic-full-name master@{u}
> git rev-list --left-right master...refs/remotes/origin/master
> git for-each-ref --format %(refname) %(objectname) --sort -committerdate
> git remote --verbose
> git config --get commit.template
> git status -z -u
> git symbolic-ref --short HEAD
> git rev-parse master
> git rev-parse --symbolic-full-name master@{u}
> git rev-list --left-right master...refs/remotes/origin/master
> git for-each-ref --format %(refname) %(objectname) --sort -committerdate
> git remote --verbose
> git config --get commit.template
> git status -z -u
> git symbolic-ref --short HEAD
> git rev-parse master
> git rev-parse --symbolic-full-name master@{u}
> git rev-list --left-right master...refs/remotes/origin/master
> git for-each-ref --format %(refname) %(objectname) --sort -committerdate
> git remote --verbose
> git config --get commit.template
> git fetch
> git status -z -u
> git symbolic-ref --short HEAD
> git rev-parse master
> git rev-parse --symbolic-full-name master@{u}
> git rev-list --left-right master...refs/remotes/origin/master
> git for-each-ref --format %(refname) %(objectname) --sort -committerdate
> git remote --verbose
> git config --get commit.template
> git ls-files --stage -- /home/rgniadek/Documents/Repos/qoerc.github.io/index.html
> git cat-file -s 70b697e49b7045768c28a9332ddd052c93545bba
> git show :index.html
> git status -z -u
> git symbolic-ref --short HEAD
> git rev-parse master
> git rev-parse --symbolic-full-name master@{u}
> git rev-list --left-right master...refs/remotes/origin/master
> git for-each-ref --format %(refname) %(objectname) --sort -committerdate
> git remote --verbose
> git config --get commit.template
> git status -z -u
> git symbolic-ref --short HEAD
> git rev-parse master
> git rev-parse --symbolic-full-name master@{u}
> git rev-list --left-right master...refs/remotes/origin/master
> git for-each-ref --format %(refname) %(objectname) --sort -committerdate
> git remote --verbose
> git config --get commit.template
> git status -z -u
> git symbolic-ref --short HEAD
> git rev-parse master
> git rev-parse --symbolic-full-name master@{u}
> git rev-list --left-right master...refs/remotes/origin/master
> git for-each-ref --format %(refname) %(objectname) --sort -committerdate
> git remote --verbose
> git config --get commit.template
> git status -z -u
> git symbolic-ref --short HEAD
> git rev-parse master
> git rev-parse --symbolic-full-name master@{u}
> git rev-list --left-right master...refs/remotes/origin/master
> git for-each-ref --format %(refname) %(objectname) --sort -committerdate
> git remote --verbose
> git config --get commit.template
> git status -z -u
> git symbolic-ref --short HEAD
> git rev-parse master
> git rev-parse --symbolic-full-name master@{u}
> git rev-list --left-right master...refs/remotes/origin/master
> git for-each-ref --format %(refname) %(objectname) --sort -committerdate
> git remote --verbose
> git config --get commit.template
> git status -z -u
> git symbolic-ref --short HEAD
> git rev-parse master
> git rev-parse --symbolic-full-name master@{u}
> git rev-list --left-right master...refs/remotes/origin/master
> git for-each-ref --format %(refname) %(objectname) --sort -committerdate
> git remote --verbose
> git config --get commit.template
> git status -z -u
> git symbolic-ref --short HEAD
> git rev-parse master
> git rev-parse --symbolic-full-name master@{u}
> git rev-list --left-right master...refs/remotes/origin/master
> git for-each-ref --format %(refname) %(objectname) --sort -committerdate
> git remote --verbose
> git config --get commit.template
> git status -z -u
> git symbolic-ref --short HEAD
> git rev-parse master
> git rev-parse --symbolic-full-name master@{u}
> git rev-list --left-right master...refs/remotes/origin/master
> git for-each-ref --format %(refname) %(objectname) --sort -committerdate
> git remote --verbose
> git config --get commit.template
> git status -z -u
> git symbolic-ref --short HEAD
> git rev-parse master
> git rev-parse --symbolic-full-name master@{u}
> git rev-list --left-right master...refs/remotes/origin/master
> git for-each-ref --format %(refname) %(objectname) --sort -committerdate
> git remote --verbose
> git config --get commit.template
> git status -z -u
> git symbolic-ref --short HEAD
> git rev-parse master
> git rev-parse --symbolic-full-name master@{u}
> git rev-list --left-right master...refs/remotes/origin/master
> git for-each-ref --format %(refname) %(objectname) --sort -committerdate
> git remote --verbose
> git config --get commit.template
> git status -z -u
> git symbolic-ref --short HEAD
> git rev-parse master
> git rev-parse --symbolic-full-name master@{u}
> git rev-list --left-right master...refs/remotes/origin/master
> git for-each-ref --format %(refname) %(objectname) --sort -committerdate
> git remote --verbose
> git config --get commit.template
> git status -z -u
> git symbolic-ref --short HEAD
> git rev-parse master
> git rev-parse --symbolic-full-name master@{u}
> git rev-list --left-right master...refs/remotes/origin/master
> git for-each-ref --format %(refname) %(objectname) --sort -committerdate
> git remote --verbose
> git config --get commit.template
> git status -z -u
> git symbolic-ref --short HEAD
> git rev-parse master
> git rev-parse --symbolic-full-name master@{u}
> git rev-list --left-right master...refs/remotes/origin/master
> git for-each-ref --format %(refname) %(objectname) --sort -committerdate
> git remote --verbose
> git config --get commit.template
> git fetch
> git status -z -u
> git symbolic-ref --short HEAD
> git rev-parse master
> git rev-parse --symbolic-full-name master@{u}
> git rev-list --left-right master...refs/remotes/origin/master
> git for-each-ref --format %(refname) %(objectname) --sort -committerdate
> git remote --verbose
> git config --get commit.template
> git ls-files --stage -- /home/rgniadek/Documents/Repos/qoerc.github.io/index.html
> git cat-file -s 70b697e49b7045768c28a9332ddd052c93545bba
> git show :index.html
> git status -z -u
> git symbolic-ref --short HEAD
> git rev-parse master
> git rev-parse --symbolic-full-name master@{u}
> git rev-list --left-right master...refs/remotes/origin/master
> git for-each-ref --format %(refname) %(objectname) --sort -committerdate
> git remote --verbose
> git config --get commit.template
> git status -z -u
> git symbolic-ref --short HEAD
> git rev-parse master
> git rev-parse --symbolic-full-name master@{u}
> git rev-list --left-right master...refs/remotes/origin/master
> git for-each-ref --format %(refname) %(objectname) --sort -committerdate
> git remote --verbose
> git config --get commit.template
> git ls-files --stage -- /home/rgniadek/Documents/Repos/qoerc.github.io/index.html
> git cat-file -s 71d035309b8a39804b6bb2760a4221ef8f73eeae
> git show :index.html
> git status -z -u
> git symbolic-ref --short HEAD
> git rev-parse master
> git rev-parse --symbolic-full-name master@{u}
> git rev-list --left-right master...refs/remotes/origin/master
> git for-each-ref --format %(refname) %(objectname) --sort -committerdate
> git remote --verbose
> git config --get commit.template
> git fetch
> git status -z -u
> git symbolic-ref --short HEAD
> git rev-parse master
> git rev-parse --symbolic-full-name master@{u}
> git rev-list --left-right master...refs/remotes/origin/master
> git for-each-ref --format %(refname) %(objectname) --sort -committerdate
> git remote --verbose
> git config --get commit.template
> git ls-files --stage -- /home/rgniadek/Documents/Repos/qoerc.github.io/index.html
> git cat-file -s 71d035309b8a39804b6bb2760a4221ef8f73eeae
> git show :index.html
> git status -z -u
> git symbolic-ref --short HEAD
> git rev-parse master
> git rev-parse --symbolic-full-name master@{u}
> git rev-list --left-right master...refs/remotes/origin/master
> git for-each-ref --format %(refname) %(objectname) --sort -committerdate
> git remote --verbose
> git config --get commit.template
> git status -z -u
> git symbolic-ref --short HEAD
> git rev-parse master
> git rev-parse --symbolic-full-name master@{u}
> git rev-list --left-right master...refs/remotes/origin/master
> git for-each-ref --format %(refname) %(objectname) --sort -committerdate
> git remote --verbose
> git config --get commit.template
