Looking for git in: git
Using git 2.20.1 from git
> git rev-parse --show-toplevel
> git rev-parse --git-dir
Open repository: /home/rgniadek/Documents/Repos/BabbleDockerApp
> git fetch
> git status -z -u
> git symbolic-ref --short HEAD
> git rev-parse master
> git rev-parse --symbolic-full-name master@{u}
> git rev-list --left-right master...refs/remotes/origin/master
> git for-each-ref --format %(refname) %(objectname) --sort -committerdate
> git remote --verbose
> git config --get commit.template
> git status -z -u
> git symbolic-ref --short HEAD
> git rev-parse master
> git rev-parse --symbolic-full-name master@{u}
> git rev-list --left-right master...refs/remotes/origin/master
> git for-each-ref --format %(refname) %(objectname) --sort -committerdate
> git remote --verbose
> git config --get commit.template
> git show :app.py
> git ls-files --stage -- /home/rgniadek/Documents/Repos/BabbleDockerApp/app.py
> git cat-file -s 28195d415e9134ffab67f72754203952a194fc93
> git check-ignore -v -z --stdin
> git ls-files --stage -- /home/rgniadek/Documents/Repos/BabbleDockerApp/app.py
> git cat-file -s 28195d415e9134ffab67f72754203952a194fc93
> git show :app.py
> git config --global user.email
> git config --global user.name
> git status -z -u
> git symbolic-ref --short HEAD
> git rev-parse master
> git rev-parse --symbolic-full-name master@{u}
> git rev-list --left-right master...refs/remotes/origin/master
> git for-each-ref --format %(refname) %(objectname) --sort -committerdate
> git remote --verbose
> git config --get commit.template
> git show -s --format=%an <%ae> [%ai] 973cce8107e2a52c935938ac9d884e8d77e31d38
> git show -s --format=%H%n%aN%n%aE%n%at%n%ct%n%P%n%B -z 973cce8107e2a52c935938ac9d884e8d77e31d38
> git show -s --format=%an <%ae> [%ai] edf4bd3e7471fe42bba97c1190f7286da6702a70
> git show -s --format=%H%n%aN%n%aE%n%at%n%ct%n%P%n%B -z edf4bd3e7471fe42bba97c1190f7286da6702a70
> git show -s --format=%an <%ae> [%ai] 77f9c119a7f0fa81e905c824517cd7d116b1fc4b
> git show -s --format=%H%n%aN%n%aE%n%at%n%ct%n%P%n%B -z 77f9c119a7f0fa81e905c824517cd7d116b1fc4b
> git show -s --format=%an <%ae> [%ai] f8e0a0c15a7c3ae70945e86b3ba3998dcf145d4c
> git show -s --format=%H%n%aN%n%aE%n%at%n%ct%n%P%n%B -z f8e0a0c15a7c3ae70945e86b3ba3998dcf145d4c
> git show -s --format=%an <%ae> [%ai] 78d65a9f9ad6a11fefeada969afb2358f1d38cec
> git show -s --format=%H%n%aN%n%aE%n%at%n%ct%n%P%n%B -z 78d65a9f9ad6a11fefeada969afb2358f1d38cec
> git show -s --format=%an <%ae> [%ai] 6fb931042f9527312cb6c9b8207cba29ad54b37b
> git show -s --format=%an <%ae> [%ai] 09345e7cb82d3099ebb146f4f3f48b19af4433db
> git show -s --format=%H%n%aN%n%aE%n%at%n%ct%n%P%n%B -z 6fb931042f9527312cb6c9b8207cba29ad54b37b
> git show -s --format=%H%n%aN%n%aE%n%at%n%ct%n%P%n%B -z 09345e7cb82d3099ebb146f4f3f48b19af4433db
> git show -s --format=%an <%ae> [%ai] 9f004584d4b891aea200babe569f248d03113b45
> git show -s --format=%H%n%aN%n%aE%n%at%n%ct%n%P%n%B -z 9f004584d4b891aea200babe569f248d03113b45
> git show -s --format=%an <%ae> [%ai] 7c84003d77f23a199e9d4a9a9d6c20e620a088ec
> git show -s --format=%an <%ae> [%ai] debab58643585e5debe0284c6d0646a7af98e836
> git show -s --format=%H%n%aN%n%aE%n%at%n%ct%n%P%n%B -z 7c84003d77f23a199e9d4a9a9d6c20e620a088ec
> git show -s --format=%H%n%aN%n%aE%n%at%n%ct%n%P%n%B -z debab58643585e5debe0284c6d0646a7af98e836
> git show -s --format=%an <%ae> [%ai] 9f004584d4b891aea200babe569f248d03113b45
> git show -s --format=%H%n%aN%n%aE%n%at%n%ct%n%P%n%B -z 9f004584d4b891aea200babe569f248d03113b45
> git show -s --format=%an <%ae> [%ai] 09c82487c48f6e477e4d9c0f551bca7b1c8384b5
> git show -s --format=%an <%ae> [%ai] debab58643585e5debe0284c6d0646a7af98e836
> git show -s --format=%H%n%aN%n%aE%n%at%n%ct%n%P%n%B -z 09c82487c48f6e477e4d9c0f551bca7b1c8384b5
> git status -z -u
> git show -s --format=%an <%ae> [%ai] 953187d6961b6e212ac13c80141907fe63e0d996
> git show -s --format=%H%n%aN%n%aE%n%at%n%ct%n%P%n%B -z debab58643585e5debe0284c6d0646a7af98e836
> git symbolic-ref --short HEAD
> git show -s --format=%H%n%aN%n%aE%n%at%n%ct%n%P%n%B -z 953187d6961b6e212ac13c80141907fe63e0d996
> git rev-parse master
> git show -s --format=%an <%ae> [%ai] 09c82487c48f6e477e4d9c0f551bca7b1c8384b5
> git rev-parse --symbolic-full-name master@{u}
> git show -s --format=%an <%ae> [%ai] 200a2df275fb801385766918a77c52a30bace9da
> git rev-list --left-right master...refs/remotes/origin/master
> git show -s --format=%H%n%aN%n%aE%n%at%n%ct%n%P%n%B -z 09c82487c48f6e477e4d9c0f551bca7b1c8384b5
> git for-each-ref --format %(refname) %(objectname) --sort -committerdate
> git remote --verbose
> git show -s --format=%H%n%aN%n%aE%n%at%n%ct%n%P%n%B -z 200a2df275fb801385766918a77c52a30bace9da
> git show -s --format=%an <%ae> [%ai] 953187d6961b6e212ac13c80141907fe63e0d996
> git config --get commit.template
> git show -s --format=%an <%ae> [%ai] c89272186c56a9862ef453bf0fd398d2f03e209d
> git show -s --format=%H%n%aN%n%aE%n%at%n%ct%n%P%n%B -z 953187d6961b6e212ac13c80141907fe63e0d996
> git show -s --format=%H%n%aN%n%aE%n%at%n%ct%n%P%n%B -z c89272186c56a9862ef453bf0fd398d2f03e209d
> git show -s --format=%an <%ae> [%ai] 200a2df275fb801385766918a77c52a30bace9da
> git show -s --format=%an <%ae> [%ai] 2fb82c47bb3964bbac8d65003d5428571c980cba
> git show -s --format=%an <%ae> [%ai] 22902188e2b6b1650cd68f1fb4e0d58995784e2e
> git show -s --format=%H%n%aN%n%aE%n%at%n%ct%n%P%n%B -z 2fb82c47bb3964bbac8d65003d5428571c980cba
> git show -s --format=%H%n%aN%n%aE%n%at%n%ct%n%P%n%B -z 200a2df275fb801385766918a77c52a30bace9da
> git show -s --format=%an <%ae> [%ai] c89272186c56a9862ef453bf0fd398d2f03e209d
> git show -s --format=%an <%ae> [%ai] 1b40234d9f5faf3bdf749f7aa942e5092ba805c6
> git show -s --format=%H%n%aN%n%aE%n%at%n%ct%n%P%n%B -z 22902188e2b6b1650cd68f1fb4e0d58995784e2e
> git show -s --format=%H%n%aN%n%aE%n%at%n%ct%n%P%n%B -z 1b40234d9f5faf3bdf749f7aa942e5092ba805c6
> git show -s --format=%H%n%aN%n%aE%n%at%n%ct%n%P%n%B -z c89272186c56a9862ef453bf0fd398d2f03e209d
> git show -s --format=%an <%ae> [%ai] 79224744a00a6067a8d6c0f3338538d618825754
> git show -s --format=%an <%ae> [%ai] 87b22ecdfdc52ab55351b9b46756aa77ca67554c
> git show -s --format=%an <%ae> [%ai] 1b40234d9f5faf3bdf749f7aa942e5092ba805c6
> git show -s --format=%H%n%aN%n%aE%n%at%n%ct%n%P%n%B -z 87b22ecdfdc52ab55351b9b46756aa77ca67554c
> git show -s --format=%H%n%aN%n%aE%n%at%n%ct%n%P%n%B -z 79224744a00a6067a8d6c0f3338538d618825754
> git show -s --format=%an <%ae> [%ai] 2fb82c47bb3964bbac8d65003d5428571c980cba
> git show -s --format=%an <%ae> [%ai] 22902188e2b6b1650cd68f1fb4e0d58995784e2e
> git show -s --format=%H%n%aN%n%aE%n%at%n%ct%n%P%n%B -z 2fb82c47bb3964bbac8d65003d5428571c980cba
> git show -s --format=%an <%ae> [%ai] 88ee0ff837a19bdc66dd6e3dde79654951e82833
> git show -s --format=%an <%ae> [%ai] 88ee0ff837a19bdc66dd6e3dde79654951e82833
> git show -s --format=%H%n%aN%n%aE%n%at%n%ct%n%P%n%B -z 1b40234d9f5faf3bdf749f7aa942e5092ba805c6
> git show -s --format=%H%n%aN%n%aE%n%at%n%ct%n%P%n%B -z 88ee0ff837a19bdc66dd6e3dde79654951e82833
> git show -s --format=%H%n%aN%n%aE%n%at%n%ct%n%P%n%B -z 88ee0ff837a19bdc66dd6e3dde79654951e82833
> git show -s --format=%an <%ae> [%ai] 1b40234d9f5faf3bdf749f7aa942e5092ba805c6
> git show -s --format=%H%n%aN%n%aE%n%at%n%ct%n%P%n%B -z 22902188e2b6b1650cd68f1fb4e0d58995784e2e
> git show -s --format=%H%n%aN%n%aE%n%at%n%ct%n%P%n%B -z 1b40234d9f5faf3bdf749f7aa942e5092ba805c6
> git show -s --format=%an <%ae> [%ai] cb19e9b0ad75fe0057891e9eb0e50c16e82f963d
> git show -s --format=%an <%ae> [%ai] cb19e9b0ad75fe0057891e9eb0e50c16e82f963d
> git show -s --format=%an <%ae> [%ai] 79224744a00a6067a8d6c0f3338538d618825754
> git show -s --format=%an <%ae> [%ai] 87b22ecdfdc52ab55351b9b46756aa77ca67554c
> git show -s --format=%H%n%aN%n%aE%n%at%n%ct%n%P%n%B -z 79224744a00a6067a8d6c0f3338538d618825754
> git show -s --format=%an <%ae> [%ai] 79224744a00a6067a8d6c0f3338538d618825754
> git show -s --format=%an <%ae> [%ai] 87b22ecdfdc52ab55351b9b46756aa77ca67554c
> git show -s --format=%an <%ae> [%ai] 1b40234d9f5faf3bdf749f7aa942e5092ba805c6
> git show -s --format=%H%n%aN%n%aE%n%at%n%ct%n%P%n%B -z 87b22ecdfdc52ab55351b9b46756aa77ca67554c
> git show -s --format=%H%n%aN%n%aE%n%at%n%ct%n%P%n%B -z 79224744a00a6067a8d6c0f3338538d618825754
> git show -s --format=%an <%ae> [%ai] 88ee0ff837a19bdc66dd6e3dde79654951e82833
> git show -s --format=%H%n%aN%n%aE%n%at%n%ct%n%P%n%B -z 87b22ecdfdc52ab55351b9b46756aa77ca67554c
> git show -s --format=%H%n%aN%n%aE%n%at%n%ct%n%P%n%B -z 88ee0ff837a19bdc66dd6e3dde79654951e82833
> git show -s --format=%an <%ae> [%ai] 88ee0ff837a19bdc66dd6e3dde79654951e82833
> git show -s --format=%an <%ae> [%ai] 88ee0ff837a19bdc66dd6e3dde79654951e82833
> git show -s --format=%H%n%aN%n%aE%n%at%n%ct%n%P%n%B -z 1b40234d9f5faf3bdf749f7aa942e5092ba805c6
> git show -s --format=%H%n%aN%n%aE%n%at%n%ct%n%P%n%B -z 88ee0ff837a19bdc66dd6e3dde79654951e82833
> git show -s --format=%H%n%aN%n%aE%n%at%n%ct%n%P%n%B -z 88ee0ff837a19bdc66dd6e3dde79654951e82833
> git show -s --format=%an <%ae> [%ai] cb19e9b0ad75fe0057891e9eb0e50c16e82f963d
> git show -s --format=%an <%ae> [%ai] 88ee0ff837a19bdc66dd6e3dde79654951e82833
> git show -s --format=%an <%ae> [%ai] cb19e9b0ad75fe0057891e9eb0e50c16e82f963d
> git show -s --format=%an <%ae> [%ai] cb19e9b0ad75fe0057891e9eb0e50c16e82f963d
> git show -s --format=%an <%ae> [%ai] 79224744a00a6067a8d6c0f3338538d618825754
> git show -s --format=%an <%ae> [%ai] 87b22ecdfdc52ab55351b9b46756aa77ca67554c
> git show -s --format=%H%n%aN%n%aE%n%at%n%ct%n%P%n%B -z 79224744a00a6067a8d6c0f3338538d618825754
> git show -s --format=%H%n%aN%n%aE%n%at%n%ct%n%P%n%B -z 88ee0ff837a19bdc66dd6e3dde79654951e82833
> git show -s --format=%an <%ae> [%ai] 88ee0ff837a19bdc66dd6e3dde79654951e82833
> git show -s --format=%H%n%aN%n%aE%n%at%n%ct%n%P%n%B -z 87b22ecdfdc52ab55351b9b46756aa77ca67554c
> git show -s --format=%H%n%aN%n%aE%n%at%n%ct%n%P%n%B -z 88ee0ff837a19bdc66dd6e3dde79654951e82833
> git show -s --format=%an <%ae> [%ai] cb19e9b0ad75fe0057891e9eb0e50c16e82f963d
> git show -s --format=%an <%ae> [%ai] cb19e9b0ad75fe0057891e9eb0e50c16e82f963d
> git show -s --format=%an <%ae> [%ai] 88ee0ff837a19bdc66dd6e3dde79654951e82833
> git show -s --format=%H%n%aN%n%aE%n%at%n%ct%n%P%n%B -z 88ee0ff837a19bdc66dd6e3dde79654951e82833
> git show -s --format=%an <%ae> [%ai] cb19e9b0ad75fe0057891e9eb0e50c16e82f963d
> git show :#app.py#
> git ls-files --stage -- /home/rgniadek/Documents/Repos/BabbleDockerApp/#app.py#
> git show :app.py
> git ls-files --stage -- /home/rgniadek/Documents/Repos/BabbleDockerApp/app.py
> git cat-file -s 28195d415e9134ffab67f72754203952a194fc93
> git show :requirements.txt
> git ls-files --stage -- /home/rgniadek/Documents/Repos/BabbleDockerApp/requirements.txt
> git cat-file -s 8ab6294c6b5339b46e123e5ac62dd6651ae09c68
> git show :.gitignore
> git ls-files --stage -- /home/rgniadek/Documents/Repos/BabbleDockerApp/.gitignore
> git cat-file -s 9fe17bcebb32d017968834acfabd03bbae6a24d7
> git show :app.py
> git ls-files --stage -- /home/rgniadek/Documents/Repos/BabbleDockerApp/app.py
> git cat-file -s 28195d415e9134ffab67f72754203952a194fc93
> git status -z -u
> git symbolic-ref --short HEAD
> git rev-parse master
> git rev-parse --symbolic-full-name master@{u}
> git rev-list --left-right master...refs/remotes/origin/master
> git for-each-ref --format %(refname) %(objectname) --sort -committerdate
> git remote --verbose
> git config --get commit.template
> git show :app.py
> git ls-files --stage -- /home/rgniadek/Documents/Repos/BabbleDockerApp/app.py
> git cat-file -s 28195d415e9134ffab67f72754203952a194fc93
> git show :.gitignore
> git ls-files --stage -- /home/rgniadek/Documents/Repos/BabbleDockerApp/.gitignore
> git cat-file -s 9fe17bcebb32d017968834acfabd03bbae6a24d7
> git show :app.py
> git ls-files --stage -- /home/rgniadek/Documents/Repos/BabbleDockerApp/app.py
> git cat-file -s 28195d415e9134ffab67f72754203952a194fc93
> git show :#app.py#
> git ls-files --stage -- /home/rgniadek/Documents/Repos/BabbleDockerApp/#app.py#
> git show :app.py
> git ls-files --stage -- /home/rgniadek/Documents/Repos/BabbleDockerApp/app.py
> git cat-file -s 28195d415e9134ffab67f72754203952a194fc93
> git show :#app.py#
> git ls-files --stage -- /home/rgniadek/Documents/Repos/BabbleDockerApp/#app.py#
> git show :app.py
> git ls-files --stage -- /home/rgniadek/Documents/Repos/BabbleDockerApp/app.py
> git cat-file -s 28195d415e9134ffab67f72754203952a194fc93
> git show :#app.py#
> git ls-files --stage -- /home/rgniadek/Documents/Repos/BabbleDockerApp/#app.py#
> git status -z -u
> git symbolic-ref --short HEAD
> git rev-parse master
> git rev-parse --symbolic-full-name master@{u}
> git rev-list --left-right master...refs/remotes/origin/master
> git for-each-ref --format %(refname) %(objectname) --sort -committerdate
> git remote --verbose
> git config --get commit.template
> git status -z -u
> git symbolic-ref --short HEAD
> git rev-parse master
> git rev-parse --symbolic-full-name master@{u}
> git rev-list --left-right master...refs/remotes/origin/master
> git for-each-ref --format %(refname) %(objectname) --sort -committerdate
> git remote --verbose
> git config --get commit.template
> git status -z -u
> git symbolic-ref --short HEAD
> git rev-parse master
> git rev-parse --symbolic-full-name master@{u}
> git rev-list --left-right master...refs/remotes/origin/master
> git for-each-ref --format %(refname) %(objectname) --sort -committerdate
> git remote --verbose
> git config --get commit.template
> git show :docker-compose.yaml
> git ls-files --stage -- /home/rgniadek/Documents/Repos/BabbleDockerApp/docker-compose.yaml
> git cat-file -s dd28618f77700b85e7fb85df0e0a6688621b7db0
> git show :Dockerfile
> git ls-files --stage -- /home/rgniadek/Documents/Repos/BabbleDockerApp/Dockerfile
> git cat-file -s da653e3547651e86e289de5bae048246adf6d530
> git show :docker-compose.yaml
> git ls-files --stage -- /home/rgniadek/Documents/Repos/BabbleDockerApp/docker-compose.yaml
> git cat-file -s dd28618f77700b85e7fb85df0e0a6688621b7db0
> git show :app.py
> git ls-files --stage -- /home/rgniadek/Documents/Repos/BabbleDockerApp/app.py
> git cat-file -s 28195d415e9134ffab67f72754203952a194fc93
> git fetch
> git status -z -u
> git symbolic-ref --short HEAD
> git rev-parse master
> git rev-parse --symbolic-full-name master@{u}
> git rev-list --left-right master...refs/remotes/origin/master
> git for-each-ref --format %(refname) %(objectname) --sort -committerdate
> git remote --verbose
> git config --get commit.template
> git ls-files --stage -- /home/rgniadek/Documents/Repos/BabbleDockerApp/app.py
> git cat-file -s 28195d415e9134ffab67f72754203952a194fc93
> git show :app.py
> git status -z -u
> git symbolic-ref --short HEAD
> git rev-parse master
> git rev-parse --symbolic-full-name master@{u}
> git rev-list --left-right master...refs/remotes/origin/master
> git for-each-ref --format %(refname) %(objectname) --sort -committerdate
> git remote --verbose
> git config --get commit.template
> git show :README.md
> git ls-files --stage -- /home/rgniadek/Documents/Repos/BabbleDockerApp/README.md
> git cat-file -s df4ad86bb789700472fa5d19b274bf0dddf67bb3
> git show :app.py
> git ls-files --stage -- /home/rgniadek/Documents/Repos/BabbleDockerApp/app.py
> git cat-file -s 28195d415e9134ffab67f72754203952a194fc93
> git show :Dockerfile
> git ls-files --stage -- /home/rgniadek/Documents/Repos/BabbleDockerApp/Dockerfile
> git cat-file -s da653e3547651e86e289de5bae048246adf6d530
> git fetch
> git status -z -u
> git symbolic-ref --short HEAD
> git rev-parse master
> git rev-parse --symbolic-full-name master@{u}
> git rev-list --left-right master...refs/remotes/origin/master
> git for-each-ref --format %(refname) %(objectname) --sort -committerdate
> git remote --verbose
> git config --get commit.template
> git ls-files --stage -- /home/rgniadek/Documents/Repos/BabbleDockerApp/Dockerfile
> git cat-file -s da653e3547651e86e289de5bae048246adf6d530
> git show :Dockerfile
> git status -z -u
> git symbolic-ref --short HEAD
> git rev-parse master
> git rev-parse --symbolic-full-name master@{u}
> git rev-list --left-right master...refs/remotes/origin/master
> git for-each-ref --format %(refname) %(objectname) --sort -committerdate
> git remote --verbose
> git config --get commit.template
> git show :docker-compose.yaml
> git ls-files --stage -- /home/rgniadek/Documents/Repos/BabbleDockerApp/docker-compose.yaml
> git cat-file -s dd28618f77700b85e7fb85df0e0a6688621b7db0
> git show :app.py
> git ls-files --stage -- /home/rgniadek/Documents/Repos/BabbleDockerApp/app.py
> git cat-file -s 28195d415e9134ffab67f72754203952a194fc93
> git fetch
> git show :docker-compose.yaml
> git ls-files --stage -- /home/rgniadek/Documents/Repos/BabbleDockerApp/docker-compose.yaml
> git status -z -u
> git cat-file -s dd28618f77700b85e7fb85df0e0a6688621b7db0
> git symbolic-ref --short HEAD
> git rev-parse master
> git rev-parse --symbolic-full-name master@{u}
> git rev-list --left-right master...refs/remotes/origin/master
> git for-each-ref --format %(refname) %(objectname) --sort -committerdate
> git remote --verbose
> git config --get commit.template
> git ls-files --stage -- /home/rgniadek/Documents/Repos/BabbleDockerApp/docker-compose.yaml
> git cat-file -s dd28618f77700b85e7fb85df0e0a6688621b7db0
> git show :docker-compose.yaml
> git status -z -u
> git symbolic-ref --short HEAD
> git rev-parse master
> git rev-parse --symbolic-full-name master@{u}
> git rev-list --left-right master...refs/remotes/origin/master
> git for-each-ref --format %(refname) %(objectname) --sort -committerdate
> git remote --verbose
> git config --get commit.template
> git show :README.md
> git ls-files --stage -- /home/rgniadek/Documents/Repos/BabbleDockerApp/README.md
> git cat-file -s df4ad86bb789700472fa5d19b274bf0dddf67bb3
> git show :Dockerfile
> git ls-files --stage -- /home/rgniadek/Documents/Repos/BabbleDockerApp/Dockerfile
> git cat-file -s da653e3547651e86e289de5bae048246adf6d530
> git show :docker-compose.yaml
> git ls-files --stage -- /home/rgniadek/Documents/Repos/BabbleDockerApp/docker-compose.yaml
> git cat-file -s dd28618f77700b85e7fb85df0e0a6688621b7db0
> git status -z -u
> git symbolic-ref --short HEAD
> git rev-parse master
> git rev-parse --symbolic-full-name master@{u}
> git rev-list --left-right master...refs/remotes/origin/master
> git for-each-ref --format %(refname) %(objectname) --sort -committerdate
> git remote --verbose
> git config --get commit.template
> git show :Dockerfile
> git ls-files --stage -- /home/rgniadek/Documents/Repos/BabbleDockerApp/Dockerfile
> git cat-file -s da653e3547651e86e289de5bae048246adf6d530
> git show :app.py
> git ls-files --stage -- /home/rgniadek/Documents/Repos/BabbleDockerApp/app.py
> git cat-file -s 28195d415e9134ffab67f72754203952a194fc93
> git show :docker-compose.yaml
> git ls-files --stage -- /home/rgniadek/Documents/Repos/BabbleDockerApp/docker-compose.yaml
> git cat-file -s dd28618f77700b85e7fb85df0e0a6688621b7db0
> git fetch
> git show :app.py
> git ls-files --stage -- /home/rgniadek/Documents/Repos/BabbleDockerApp/app.py
> git cat-file -s 28195d415e9134ffab67f72754203952a194fc93
> git status -z -u
> git symbolic-ref --short HEAD
> git rev-parse master
> git rev-parse --symbolic-full-name master@{u}
> git rev-list --left-right master...refs/remotes/origin/master
> git for-each-ref --format %(refname) %(objectname) --sort -committerdate
> git remote --verbose
> git config --get commit.template
> git ls-files --stage -- /home/rgniadek/Documents/Repos/BabbleDockerApp/app.py
> git cat-file -s 28195d415e9134ffab67f72754203952a194fc93
> git show :app.py
> git status -z -u
> git symbolic-ref --short HEAD
> git rev-parse master
> git rev-parse --symbolic-full-name master@{u}
> git rev-list --left-right master...refs/remotes/origin/master
> git for-each-ref --format %(refname) %(objectname) --sort -committerdate
> git remote --verbose
> git config --get commit.template
> git show :docker-compose.yaml
> git ls-files --stage -- /home/rgniadek/Documents/Repos/BabbleDockerApp/docker-compose.yaml
> git cat-file -s dd28618f77700b85e7fb85df0e0a6688621b7db0
> git show :Dockerfile
> git ls-files --stage -- /home/rgniadek/Documents/Repos/BabbleDockerApp/Dockerfile
> git cat-file -s da653e3547651e86e289de5bae048246adf6d530
> git show :docker-compose.yaml
> git ls-files --stage -- /home/rgniadek/Documents/Repos/BabbleDockerApp/docker-compose.yaml
> git cat-file -s dd28618f77700b85e7fb85df0e0a6688621b7db0
> git fetch
> git status -z -u
> git symbolic-ref --short HEAD
> git rev-parse master
> git rev-parse --symbolic-full-name master@{u}
> git rev-list --left-right master...refs/remotes/origin/master
> git for-each-ref --format %(refname) %(objectname) --sort -committerdate
> git remote --verbose
> git config --get commit.template
> git ls-files --stage -- /home/rgniadek/Documents/Repos/BabbleDockerApp/docker-compose.yaml
> git cat-file -s dd28618f77700b85e7fb85df0e0a6688621b7db0
> git show :docker-compose.yaml
> git status -z -u
> git symbolic-ref --short HEAD
> git rev-parse master
> git rev-parse --symbolic-full-name master@{u}
> git rev-list --left-right master...refs/remotes/origin/master
> git for-each-ref --format %(refname) %(objectname) --sort -committerdate
> git remote --verbose
> git config --get commit.template
> git status -z -u
> git symbolic-ref --short HEAD
> git rev-parse master
> git rev-parse --symbolic-full-name master@{u}
> git rev-list --left-right master...refs/remotes/origin/master
> git for-each-ref --format %(refname) %(objectname) --sort -committerdate
> git remote --verbose
> git config --get commit.template
> git status -z -u
> git symbolic-ref --short HEAD
> git rev-parse master
> git rev-parse --symbolic-full-name master@{u}
> git rev-list --left-right master...refs/remotes/origin/master
> git for-each-ref --format %(refname) %(objectname) --sort -committerdate
> git remote --verbose
> git config --get commit.template
> git fetch
> git status -z -u
> git symbolic-ref --short HEAD
> git rev-parse master
> git rev-parse --symbolic-full-name master@{u}
> git rev-list --left-right master...refs/remotes/origin/master
> git for-each-ref --format %(refname) %(objectname) --sort -committerdate
> git remote --verbose
> git config --get commit.template
> git ls-files --stage -- /home/rgniadek/Documents/Repos/BabbleDockerApp/docker-compose.yaml
> git cat-file -s dd28618f77700b85e7fb85df0e0a6688621b7db0
> git show :docker-compose.yaml
> git status -z -u
> git symbolic-ref --short HEAD
> git rev-parse master
> git rev-parse --symbolic-full-name master@{u}
> git rev-list --left-right master...refs/remotes/origin/master
> git for-each-ref --format %(refname) %(objectname) --sort -committerdate
> git remote --verbose
> git config --get commit.template
> git fetch
> git status -z -u
> git symbolic-ref --short HEAD
> git rev-parse master
> git rev-parse --symbolic-full-name master@{u}
> git rev-list --left-right master...refs/remotes/origin/master
> git for-each-ref --format %(refname) %(objectname) --sort -committerdate
> git remote --verbose
> git config --get commit.template
> git ls-files --stage -- /home/rgniadek/Documents/Repos/BabbleDockerApp/docker-compose.yaml
> git cat-file -s dd28618f77700b85e7fb85df0e0a6688621b7db0
> git show :docker-compose.yaml
> git status -z -u
> git symbolic-ref --short HEAD
> git rev-parse master
> git rev-parse --symbolic-full-name master@{u}
> git rev-list --left-right master...refs/remotes/origin/master
> git for-each-ref --format %(refname) %(objectname) --sort -committerdate
> git remote --verbose
> git config --get commit.template
> git status -z -u
> git symbolic-ref --short HEAD
> git rev-parse master
> git rev-parse --symbolic-full-name master@{u}
> git rev-list --left-right master...refs/remotes/origin/master
> git for-each-ref --format %(refname) %(objectname) --sort -committerdate
> git remote --verbose
> git config --get commit.template
> git status -z -u
> git symbolic-ref --short HEAD
> git rev-parse API_Prefix
> git rev-parse --symbolic-full-name API_Prefix@{u}
fatal: no upstream configured for branch 'API_Prefix'
> git for-each-ref --format %(refname) %(objectname) --sort -committerdate
> git remote --verbose
> git config --get commit.template
> git ls-files --stage -- /home/rgniadek/Documents/Repos/BabbleDockerApp/docker-compose.yaml
> git cat-file -s dd28618f77700b85e7fb85df0e0a6688621b7db0
> git show :docker-compose.yaml
> git status -z -u
> git symbolic-ref --short HEAD
> git rev-parse API_Prefix
> git rev-parse --symbolic-full-name API_Prefix@{u}
fatal: no upstream configured for branch 'API_Prefix'
> git for-each-ref --format %(refname) %(objectname) --sort -committerdate
> git remote --verbose
> git config --get commit.template
> git ls-files --stage -- /home/rgniadek/Documents/Repos/BabbleDockerApp/docker-compose.yaml
> git cat-file -s dd28618f77700b85e7fb85df0e0a6688621b7db0
> git show :docker-compose.yaml
> git ls-files --stage -- /home/rgniadek/Documents/Repos/BabbleDockerApp/docker-compose.yaml
> git cat-file -s dd28618f77700b85e7fb85df0e0a6688621b7db0
> git show :docker-compose.yaml
> git status -z -u
> git symbolic-ref --short HEAD
> git rev-parse API_Prefix
> git rev-parse --symbolic-full-name API_Prefix@{u}
fatal: no upstream configured for branch 'API_Prefix'
> git for-each-ref --format %(refname) %(objectname) --sort -committerdate
> git remote --verbose
> git config --get commit.template
> git status -z -u
> git symbolic-ref --short HEAD
> git rev-parse API_Prefix
> git rev-parse --symbolic-full-name API_Prefix@{u}
fatal: no upstream configured for branch 'API_Prefix'
> git for-each-ref --format %(refname) %(objectname) --sort -committerdate
> git remote --verbose
> git config --get commit.template
> git status -z -u
> git symbolic-ref --short HEAD
> git rev-parse API_Prefix
> git rev-parse --symbolic-full-name API_Prefix@{u}
fatal: no upstream configured for branch 'API_Prefix'
> git for-each-ref --format %(refname) %(objectname) --sort -committerdate
> git remote --verbose
> git config --get commit.template
> git ls-files --stage -- /home/rgniadek/Documents/Repos/BabbleDockerApp/docker-compose.yaml
> git cat-file -s c3a3f603b7e99233eae2d83fb1158b2513427b73
> git show :docker-compose.yaml
> git status -z -u
> git symbolic-ref --short HEAD
> git rev-parse API_Prefix
> git rev-parse --symbolic-full-name API_Prefix@{u}
fatal: no upstream configured for branch 'API_Prefix'
> git for-each-ref --format %(refname) %(objectname) --sort -committerdate
> git remote --verbose
> git config --get commit.template
> git status -z -u
> git symbolic-ref --short HEAD
> git rev-parse API_Prefix
> git rev-parse --symbolic-full-name API_Prefix@{u}
> git rev-list --left-right API_Prefix...refs/remotes/origin/API_Prefix
> git for-each-ref --format %(refname) %(objectname) --sort -committerdate
> git remote --verbose
> git config --get commit.template
> git ls-files --stage -- /home/rgniadek/Documents/Repos/BabbleDockerApp/docker-compose.yaml
> git cat-file -s c3a3f603b7e99233eae2d83fb1158b2513427b73
> git show :docker-compose.yaml
> git status -z -u
> git symbolic-ref --short HEAD
> git rev-parse API_Prefix
> git rev-parse --symbolic-full-name API_Prefix@{u}
> git rev-list --left-right API_Prefix...refs/remotes/origin/API_Prefix
> git for-each-ref --format %(refname) %(objectname) --sort -committerdate
> git remote --verbose
> git config --get commit.template
> git show :test.json
> git ls-files --stage -- /home/rgniadek/Documents/Repos/BabbleDockerApp/test.json
> git cat-file -s 7b404ca5ca0e01bd6c9236e14ead9f4838ab786c
